<?xml version="1.0" encoding="UTF-8"?>
<robot generator="Robot 6.1 (Python 3.11.2 on win32)" generated="20230911 13:33:59.183" rpa="false" schemaversion="4">
<suite id="s1" name="HROS TIMESHEET DAILY BASIS TC1" source="C:\Users\KiranKumarBR-Int-215\Desktop\pythonProject\HR-OS\HROS_TIMESHEET_DAILY_BASIS_TC1.robot">
<test id="s1-t1" name="HROS-Login" line="13">
<kw name="open hros" library="HROS-LoginKeyword">
<kw name="Open Browser" library="SeleniumLibrary">
<arg>${HrosWebsiteUrl}</arg>
<arg>${browser}</arg>
<doc>Opens a new browser instance to the optional ``url``.</doc>
<msg timestamp="20230911 13:33:59.558" level="INFO">Opening browser 'Chrome' to base url 'https://terralogic.paxanimi.ai/'.</msg>
<status status="PASS" starttime="20230911 13:33:59.558" endtime="20230911 13:34:07.419"/>
</kw>
<kw name="Maximize Browser Window" library="SeleniumLibrary">
<doc>Maximizes current browser window.</doc>
<status status="PASS" starttime="20230911 13:34:07.419" endtime="20230911 13:34:07.551"/>
</kw>
<kw name="Set Browser Implicit Wait" library="SeleniumLibrary">
<arg>15</arg>
<doc>Sets the implicit wait value used by Selenium.</doc>
<status status="PASS" starttime="20230911 13:34:07.551" endtime="20230911 13:34:07.555"/>
</kw>
<kw name="Set Selenium Speed" library="SeleniumLibrary">
<arg>1</arg>
<doc>Sets the delay that is waited after each Selenium command.</doc>
<status status="PASS" starttime="20230911 13:34:07.555" endtime="20230911 13:34:07.556"/>
</kw>
<status status="PASS" starttime="20230911 13:33:59.557" endtime="20230911 13:34:07.557"/>
</kw>
<kw name="login with google" library="HROS-LoginKeyword">
<kw name="Click Element" library="SeleniumLibrary">
<arg>${Terralogic_LoginButtonPath}</arg>
<doc>Click the element identified by ``locator``.</doc>
<msg timestamp="20230911 13:34:07.559" level="INFO">Clicking element '//*[@id="basic"]/button[2]/div'.</msg>
<status status="PASS" starttime="20230911 13:34:07.558" endtime="20230911 13:34:10.598"/>
</kw>
<status status="PASS" starttime="20230911 13:34:07.557" endtime="20230911 13:34:10.599"/>
</kw>
<kw name="switch window to google login" library="HROS-LoginKeyword">
<kw name="Sleep" library="BuiltIn">
<arg>10</arg>
<doc>Pauses the test executed for the given time.</doc>
<msg timestamp="20230911 13:34:20.601" level="INFO">Slept 10 seconds</msg>
<status status="PASS" starttime="20230911 13:34:10.600" endtime="20230911 13:34:20.601"/>
</kw>
<kw name="Switch Window" library="SeleniumLibrary">
<var>${window_handle}</var>
<arg>Sign in - Google Accounts</arg>
<doc>Switches to browser window matching ``locator``.</doc>
<msg timestamp="20230911 13:34:33.777" level="INFO">${window_handle} = 085A41D539BEB6AC5E2676D67170595D</msg>
<status status="PASS" starttime="20230911 13:34:20.602" endtime="20230911 13:34:33.778"/>
</kw>
<status status="PASS" starttime="20230911 13:34:10.599" endtime="20230911 13:34:33.778"/>
</kw>
<kw name="enter username" library="HROS-LoginKeyword">
<kw name="Input Text" library="SeleniumLibrary">
<arg>//input[@id="identifierId"]</arg>
<arg>${email}</arg>
<doc>Types the given ``text`` into the text field identified by ``locator``.</doc>
<msg timestamp="20230911 13:34:33.781" level="INFO">Typing text 'kirankumar.br@terralogic.com' into text field '//input[@id="identifierId"]'.</msg>
<status status="PASS" starttime="20230911 13:34:33.780" endtime="20230911 13:34:37.030"/>
</kw>
<status status="PASS" starttime="20230911 13:34:33.779" endtime="20230911 13:34:37.031"/>
</kw>
<kw name="click next on google signin" library="HROS-LoginKeyword">
<kw name="Click Element" library="SeleniumLibrary">
<arg>${GoogleNextButtonPath}</arg>
<doc>Click the element identified by ``locator``.</doc>
<msg timestamp="20230911 13:34:37.034" level="INFO">Clicking element '//*[text()="Next"]'.</msg>
<status status="PASS" starttime="20230911 13:34:37.032" endtime="20230911 13:34:39.228"/>
</kw>
<status status="PASS" starttime="20230911 13:34:37.031" endtime="20230911 13:34:39.228"/>
</kw>
<kw name="enter password" library="HROS-LoginKeyword">
<kw name="Input Text" library="SeleniumLibrary">
<arg>${InputPasswordPath}</arg>
<arg>${password}</arg>
<doc>Types the given ``text`` into the text field identified by ``locator``.</doc>
<msg timestamp="20230911 13:34:39.230" level="INFO">Typing text 'Psss*Kkr@#' into text field '//input[@type="password" and @class="whsOnd zHQkBf"]'.</msg>
<status status="PASS" starttime="20230911 13:34:39.229" endtime="20230911 13:34:42.414"/>
</kw>
<status status="PASS" starttime="20230911 13:34:39.228" endtime="20230911 13:34:42.414"/>
</kw>
<kw name="click next again" library="HROS-LoginKeyword">
<kw name="Sleep" library="BuiltIn">
<arg>5</arg>
<doc>Pauses the test executed for the given time.</doc>
<msg timestamp="20230911 13:34:47.416" level="INFO">Slept 5 seconds</msg>
<status status="PASS" starttime="20230911 13:34:42.414" endtime="20230911 13:34:47.417"/>
</kw>
<kw name="Click Element" library="SeleniumLibrary">
<arg>${GoogleNextButtonPath}</arg>
<doc>Click the element identified by ``locator``.</doc>
<msg timestamp="20230911 13:34:47.419" level="INFO">Clicking element '//*[text()="Next"]'.</msg>
<status status="PASS" starttime="20230911 13:34:47.417" endtime="20230911 13:34:49.535"/>
</kw>
<status status="PASS" starttime="20230911 13:34:42.414" endtime="20230911 13:34:49.535"/>
</kw>
<kw name="Sleep" library="BuiltIn">
<arg>5</arg>
<doc>Pauses the test executed for the given time.</doc>
<msg timestamp="20230911 13:34:54.538" level="INFO">Slept 5 seconds</msg>
<status status="PASS" starttime="20230911 13:34:49.536" endtime="20230911 13:34:54.538"/>
</kw>
<kw name="Click Element" library="SeleniumLibrary">
<arg>${TryAnotherWayPath}</arg>
<doc>Click the element identified by ``locator``.</doc>
<msg timestamp="20230911 13:34:54.542" level="INFO">Clicking element '//*[text()="Try another way"]'.</msg>
<status status="PASS" starttime="20230911 13:34:54.539" endtime="20230911 13:34:56.647"/>
</kw>
<kw name="Sleep" library="BuiltIn">
<arg>5</arg>
<doc>Pauses the test executed for the given time.</doc>
<msg timestamp="20230911 13:35:01.650" level="INFO">Slept 5 seconds</msg>
<status status="PASS" starttime="20230911 13:34:56.647" endtime="20230911 13:35:01.650"/>
</kw>
<kw name="Click Element" library="SeleniumLibrary">
<arg>${enterBackupCodeButtonPath}</arg>
<doc>Click the element identified by ``locator``.</doc>
<msg timestamp="20230911 13:35:01.652" level="INFO">Clicking element '//*[text()="Enter one of your 8-digit backup codes"]'.</msg>
<status status="PASS" starttime="20230911 13:35:01.651" endtime="20230911 13:35:03.757"/>
</kw>
<kw name="Input Text" library="SeleniumLibrary">
<arg>${inputBackupcodePath}</arg>
<arg>${backup-code}</arg>
<doc>Types the given ``text`` into the text field identified by ``locator``.</doc>
<msg timestamp="20230911 13:35:03.760" level="INFO">Typing text '5350 0604' into text field '//*[@class="whsOnd zHQkBf"]'.</msg>
<status status="PASS" starttime="20230911 13:35:03.758" endtime="20230911 13:35:06.933"/>
</kw>
<kw name="Click Element" library="SeleniumLibrary">
<arg>${GoogleNextButtonPath}</arg>
<doc>Click the element identified by ``locator``.</doc>
<msg timestamp="20230911 13:35:06.937" level="INFO">Clicking element '//*[text()="Next"]'.</msg>
<status status="PASS" starttime="20230911 13:35:06.934" endtime="20230911 13:35:09.031"/>
</kw>
<kw name="Sleep" library="BuiltIn">
<arg>20</arg>
<doc>Pauses the test executed for the given time.</doc>
<msg timestamp="20230911 13:35:29.034" level="INFO">Slept 20 seconds</msg>
<status status="PASS" starttime="20230911 13:35:09.032" endtime="20230911 13:35:29.034"/>
</kw>
<status status="PASS" starttime="20230911 13:33:59.557" endtime="20230911 13:35:29.035"/>
</test>
<test id="s1-t2" name="HR_OS_TIMESHEET_ICON" line="29">
<kw name="Sleep" library="BuiltIn">
<arg>5</arg>
<doc>Pauses the test executed for the given time.</doc>
<msg timestamp="20230911 13:35:34.038" level="INFO">Slept 5 seconds</msg>
<status status="PASS" starttime="20230911 13:35:29.037" endtime="20230911 13:35:34.039"/>
</kw>
<kw name="Switch Window" library="SeleniumLibrary">
<arg>Home</arg>
<doc>Switches to browser window matching ``locator``.</doc>
<status status="PASS" starttime="20230911 13:35:34.040" endtime="20230911 13:35:40.089"/>
</kw>
<kw name="Sleep" library="BuiltIn">
<arg>5</arg>
<doc>Pauses the test executed for the given time.</doc>
<msg timestamp="20230911 13:35:45.090" level="INFO">Slept 5 seconds</msg>
<status status="PASS" starttime="20230911 13:35:40.089" endtime="20230911 13:35:45.090"/>
</kw>
<kw name="Click on the timesheet icon" library="UI_leftmenu_keywords">
<kw name="Click Element" library="SeleniumLibrary">
<arg>${Path_LeftMenu_Timesheet}</arg>
<doc>Click the element identified by ``locator``.</doc>
<msg timestamp="20230911 13:35:45.091" level="INFO">Clicking element '//ul //li[4]'.</msg>
<status status="PASS" starttime="20230911 13:35:45.091" endtime="20230911 13:35:47.253"/>
</kw>
<kw name="Sleep" library="BuiltIn">
<arg>5</arg>
<doc>Pauses the test executed for the given time.</doc>
<msg timestamp="20230911 13:35:52.255" level="INFO">Slept 5 seconds</msg>
<status status="PASS" starttime="20230911 13:35:47.254" endtime="20230911 13:35:52.255"/>
</kw>
<status status="PASS" starttime="20230911 13:35:45.090" endtime="20230911 13:35:52.255"/>
</kw>
<status status="PASS" starttime="20230911 13:35:29.036" endtime="20230911 13:35:52.255"/>
</test>
<test id="s1-t3" name="HR_OS_TIMESHEET_DAILY_FILL" line="34">
<for flavor="IN RANGE">
<var>${I}</var>
<value>4</value>
<value>9</value>
<iter>
<var name="${I}">4</var>
<kw name="click on the add task button" library="UI_leftmenu_keywords">
<kw name="Click Element" library="SeleniumLibrary">
<arg>${Path_Timesheet_Addtask}</arg>
<doc>Click the element identified by ``locator``.</doc>
<msg timestamp="20230911 13:35:52.258" level="INFO">Clicking element '//div[contains(text(),"Add Task")]'.</msg>
<status status="PASS" starttime="20230911 13:35:52.258" endtime="20230911 13:35:54.415"/>
</kw>
<kw name="Sleep" library="BuiltIn">
<arg>3</arg>
<doc>Pauses the test executed for the given time.</doc>
<msg timestamp="20230911 13:35:57.416" level="INFO">Slept 3 seconds</msg>
<status status="PASS" starttime="20230911 13:35:54.415" endtime="20230911 13:35:57.416"/>
</kw>
<status status="PASS" starttime="20230911 13:35:52.257" endtime="20230911 13:35:57.418"/>
</kw>
<kw name="Enter the start and end date" library="UI_leftmenu_keywords">
<arg>2023-09-0${I}</arg>
<arg>2023-09-0${I}</arg>
<kw name="Set Selenium Implicit Wait" library="SeleniumLibrary">
<arg>8</arg>
<doc>Sets the implicit wait value used by Selenium.</doc>
<status status="PASS" starttime="20230911 13:35:57.420" endtime="20230911 13:35:58.423"/>
</kw>
<kw name="Click Element" library="SeleniumLibrary">
<arg>${Path_Timesheet_Startdate}</arg>
<doc>Click the element identified by ``locator``.</doc>
<msg timestamp="20230911 13:35:58.425" level="INFO">Clicking element '//input[@placeholder="Start date"]'.</msg>
<status status="PASS" starttime="20230911 13:35:58.424" endtime="20230911 13:36:00.634"/>
</kw>
<kw name="Input Text" library="SeleniumLibrary">
<arg>${Path_Timesheet_Startdate}</arg>
<arg>${Start}</arg>
<doc>Types the given ``text`` into the text field identified by ``locator``.</doc>
<msg timestamp="20230911 13:36:00.636" level="INFO">Typing text '2023-09-04' into text field '//input[@placeholder="Start date"]'.</msg>
<status status="PASS" starttime="20230911 13:36:00.634" endtime="20230911 13:36:03.848"/>
</kw>
<kw name="Sleep" library="BuiltIn">
<arg>2</arg>
<doc>Pauses the test executed for the given time.</doc>
<msg timestamp="20230911 13:36:05.850" level="INFO">Slept 2 seconds</msg>
<status status="PASS" starttime="20230911 13:36:03.848" endtime="20230911 13:36:05.850"/>
</kw>
<kw name="Click Element" library="SeleniumLibrary">
<arg>${Path_Timesheet_Enddate}</arg>
<doc>Click the element identified by ``locator``.</doc>
<msg timestamp="20230911 13:36:05.852" level="INFO">Clicking element '//input[@placeholder="End date"]'.</msg>
<status status="PASS" starttime="20230911 13:36:05.851" endtime="20230911 13:36:08.036"/>
</kw>
<kw name="Input Text" library="SeleniumLibrary">
<arg>${Path_Timesheet_Enddate}</arg>
<arg>${End}</arg>
<doc>Types the given ``text`` into the text field identified by ``locator``.</doc>
<msg timestamp="20230911 13:36:08.040" level="INFO">Typing text '2023-09-04' into text field '//input[@placeholder="End date"]'.</msg>
<status status="PASS" starttime="20230911 13:36:08.036" endtime="20230911 13:36:11.273"/>
</kw>
<kw name="Press Keys" library="SeleniumLibrary">
<arg>None</arg>
<arg>ENTER</arg>
<doc>Simulates the user pressing key(s) to an element or on the active browser.</doc>
<msg timestamp="20230911 13:36:11.274" level="INFO">Sending key(s) ('ENTER',) to page.</msg>
<msg timestamp="20230911 13:36:11.274" level="INFO">Pressing special key ENTER to browser.</msg>
<msg timestamp="20230911 13:36:11.274" level="INFO">Releasing special key ENTER.</msg>
<status status="PASS" starttime="20230911 13:36:11.273" endtime="20230911 13:36:12.397"/>
</kw>
<kw name="Sleep" library="BuiltIn">
<arg>4</arg>
<doc>Pauses the test executed for the given time.</doc>
<msg timestamp="20230911 13:36:16.399" level="INFO">Slept 4 seconds</msg>
<status status="PASS" starttime="20230911 13:36:12.397" endtime="20230911 13:36:16.399"/>
</kw>
<status status="PASS" starttime="20230911 13:35:57.418" endtime="20230911 13:36:16.399"/>
</kw>
<kw name="Enter the start and end time" library="UI_leftmenu_keywords">
<arg>9:00 AM</arg>
<arg>6:00 PM</arg>
<kw name="Set Selenium Implicit Wait" library="SeleniumLibrary">
<arg>8</arg>
<doc>Sets the implicit wait value used by Selenium.</doc>
<status status="PASS" starttime="20230911 13:36:16.400" endtime="20230911 13:36:17.407"/>
</kw>
<kw name="Input Text" library="SeleniumLibrary">
<arg>${Path_Timesheet_Sarttime}</arg>
<arg>${start_time}</arg>
<doc>Types the given ``text`` into the text field identified by ``locator``.</doc>
<msg timestamp="20230911 13:36:17.408" level="INFO">Typing text '9:00 AM' into text field '//input[@id="basic_tasks_0_startTime"]'.</msg>
<status status="PASS" starttime="20230911 13:36:17.407" endtime="20230911 13:36:20.646"/>
</kw>
<kw name="Press Keys" library="SeleniumLibrary">
<arg>None</arg>
<arg>ENTER</arg>
<doc>Simulates the user pressing key(s) to an element or on the active browser.</doc>
<msg timestamp="20230911 13:36:20.648" level="INFO">Sending key(s) ('ENTER',) to page.</msg>
<msg timestamp="20230911 13:36:20.649" level="INFO">Pressing special key ENTER to browser.</msg>
<msg timestamp="20230911 13:36:20.649" level="INFO">Releasing special key ENTER.</msg>
<status status="PASS" starttime="20230911 13:36:20.646" endtime="20230911 13:36:21.690"/>
</kw>
<kw name="Sleep" library="BuiltIn">
<arg>3</arg>
<doc>Pauses the test executed for the given time.</doc>
<msg timestamp="20230911 13:36:24.692" level="INFO">Slept 3 seconds</msg>
<status status="PASS" starttime="20230911 13:36:21.691" endtime="20230911 13:36:24.692"/>
</kw>
<kw name="Input Text" library="SeleniumLibrary">
<arg>${Path_Timesheet_Endtime}</arg>
<arg>${end_time}</arg>
<doc>Types the given ``text`` into the text field identified by ``locator``.</doc>
<msg timestamp="20230911 13:36:24.694" level="INFO">Typing text '6:00 PM' into text field '//input[@id="basic_tasks_0_endTime"]'.</msg>
<status status="PASS" starttime="20230911 13:36:24.693" endtime="20230911 13:36:27.879"/>
</kw>
<kw name="Press Keys" library="SeleniumLibrary">
<arg>None</arg>
<arg>ENTER</arg>
<doc>Simulates the user pressing key(s) to an element or on the active browser.</doc>
<msg timestamp="20230911 13:36:27.881" level="INFO">Sending key(s) ('ENTER',) to page.</msg>
<msg timestamp="20230911 13:36:27.881" level="INFO">Pressing special key ENTER to browser.</msg>
<msg timestamp="20230911 13:36:27.881" level="INFO">Releasing special key ENTER.</msg>
<status status="PASS" starttime="20230911 13:36:27.880" endtime="20230911 13:36:28.917"/>
</kw>
<kw name="Sleep" library="BuiltIn">
<arg>5</arg>
<doc>Pauses the test executed for the given time.</doc>
<msg timestamp="20230911 13:36:33.921" level="INFO">Slept 5 seconds</msg>
<status status="PASS" starttime="20230911 13:36:28.919" endtime="20230911 13:36:33.921"/>
</kw>
<status status="PASS" starttime="20230911 13:36:16.399" endtime="20230911 13:36:33.922"/>
</kw>
<kw name="Select the Project" library="UI_leftmenu_keywords">
<arg>Rampup_Software Services</arg>
<kw name="Set Selenium Implicit Wait" library="SeleniumLibrary">
<arg>8</arg>
<doc>Sets the implicit wait value used by Selenium.</doc>
<status status="PASS" starttime="20230911 13:36:33.924" endtime="20230911 13:36:34.932"/>
</kw>
<kw name="Input Text" library="SeleniumLibrary">
<arg>${Path_Timesheet_Projectname}</arg>
<arg>${Pojectname}</arg>
<doc>Types the given ``text`` into the text field identified by ``locator``.</doc>
<msg timestamp="20230911 13:36:34.934" level="INFO">Typing text 'Rampup_Software Services' into text field '//input[@id="basic_tasks_0_projectId"]'.</msg>
<status status="PASS" starttime="20230911 13:36:34.932" endtime="20230911 13:36:38.235"/>
</kw>
<kw name="Press Keys" library="SeleniumLibrary">
<arg>None</arg>
<arg>ENTER</arg>
<doc>Simulates the user pressing key(s) to an element or on the active browser.</doc>
<msg timestamp="20230911 13:36:38.238" level="INFO">Sending key(s) ('ENTER',) to page.</msg>
<msg timestamp="20230911 13:36:38.238" level="INFO">Pressing special key ENTER to browser.</msg>
<msg timestamp="20230911 13:36:38.238" level="INFO">Releasing special key ENTER.</msg>
<status status="PASS" starttime="20230911 13:36:38.236" endtime="20230911 13:36:39.287"/>
</kw>
<kw name="Sleep" library="BuiltIn">
<arg>2</arg>
<doc>Pauses the test executed for the given time.</doc>
<msg timestamp="20230911 13:36:41.289" level="INFO">Slept 2 seconds</msg>
<status status="PASS" starttime="20230911 13:36:39.287" endtime="20230911 13:36:41.289"/>
</kw>
<status status="PASS" starttime="20230911 13:36:33.923" endtime="20230911 13:36:41.290"/>
</kw>
<kw name="Enter the task name" library="UI_leftmenu_keywords">
<arg>Automationtesting${I}</arg>
<kw name="Set Selenium Implicit Wait" library="SeleniumLibrary">
<arg>8</arg>
<doc>Sets the implicit wait value used by Selenium.</doc>
<status status="PASS" starttime="20230911 13:36:41.291" endtime="20230911 13:36:42.294"/>
</kw>
<kw name="Input Text" library="SeleniumLibrary">
<arg>${Path_Timesheet_TASkname}</arg>
<arg>${taskname}</arg>
<doc>Types the given ``text`` into the text field identified by ``locator``.</doc>
<msg timestamp="20230911 13:36:42.298" level="INFO">Typing text 'Automationtesting4' into text field '//input[@id="basic_tasks_0_taskName"]'.</msg>
<status status="PASS" starttime="20230911 13:36:42.295" endtime="20230911 13:36:45.769"/>
</kw>
<kw name="Sleep" library="BuiltIn">
<arg>3</arg>
<doc>Pauses the test executed for the given time.</doc>
<msg timestamp="20230911 13:36:48.771" level="INFO">Slept 3 seconds</msg>
<status status="PASS" starttime="20230911 13:36:45.770" endtime="20230911 13:36:48.772"/>
</kw>
<status status="PASS" starttime="20230911 13:36:41.290" endtime="20230911 13:36:48.772"/>
</kw>
<kw name="Enter description of the task" library="UI_leftmenu_keywords">
<arg>Am testing the time sheet${I}</arg>
<kw name="Set Selenium Implicit Wait" library="SeleniumLibrary">
<arg>8</arg>
<doc>Sets the implicit wait value used by Selenium.</doc>
<status status="PASS" starttime="20230911 13:36:48.775" endtime="20230911 13:36:49.778"/>
</kw>
<kw name="Input Text" library="SeleniumLibrary">
<arg>${Path_Timesheet_Description}</arg>
<arg>${Description}</arg>
<doc>Types the given ``text`` into the text field identified by ``locator``.</doc>
<msg timestamp="20230911 13:36:49.781" level="INFO">Typing text 'Am testing the time sheet4' into text field '//textarea[contains(@id, "basic_tasks_0_notes") or contains(@placeholder, "Enter the description")]'.</msg>
<status status="PASS" starttime="20230911 13:36:49.779" endtime="20230911 13:36:53.392"/>
</kw>
<kw name="Sleep" library="BuiltIn">
<arg>4</arg>
<doc>Pauses the test executed for the given time.</doc>
<msg timestamp="20230911 13:36:57.394" level="INFO">Slept 4 seconds</msg>
<status status="PASS" starttime="20230911 13:36:53.393" endtime="20230911 13:36:57.395"/>
</kw>
<status status="PASS" starttime="20230911 13:36:48.773" endtime="20230911 13:36:57.397"/>
</kw>
<kw name="SUBMIT" library="UI_leftmenu_keywords">
<kw name="Set Selenium Implicit Wait" library="SeleniumLibrary">
<arg>8</arg>
<doc>Sets the implicit wait value used by Selenium.</doc>
<status status="PASS" starttime="20230911 13:36:57.399" endtime="20230911 13:36:58.406"/>
</kw>
<kw name="Click Element" library="SeleniumLibrary">
<arg>${Path_Timesheet_Submitbutton}</arg>
<doc>Click the element identified by ``locator``.</doc>
<msg timestamp="20230911 13:36:58.408" level="INFO">Clicking element '//button[@type="submit"]'.</msg>
<status status="PASS" starttime="20230911 13:36:58.406" endtime="20230911 13:37:00.570"/>
</kw>
<kw name="Sleep" library="BuiltIn">
<arg>8</arg>
<doc>Pauses the test executed for the given time.</doc>
<msg timestamp="20230911 13:37:08.571" level="INFO">Slept 8 seconds</msg>
<status status="PASS" starttime="20230911 13:37:00.571" endtime="20230911 13:37:08.571"/>
</kw>
<status status="PASS" starttime="20230911 13:36:57.397" endtime="20230911 13:37:08.573"/>
</kw>
<status status="PASS" starttime="20230911 13:35:52.257" endtime="20230911 13:37:08.573"/>
</iter>
<iter>
<var name="${I}">5</var>
<kw name="click on the add task button" library="UI_leftmenu_keywords">
<kw name="Click Element" library="SeleniumLibrary">
<arg>${Path_Timesheet_Addtask}</arg>
<doc>Click the element identified by ``locator``.</doc>
<msg timestamp="20230911 13:37:08.575" level="INFO">Clicking element '//div[contains(text(),"Add Task")]'.</msg>
<status status="PASS" starttime="20230911 13:37:08.575" endtime="20230911 13:37:10.732"/>
</kw>
<kw name="Sleep" library="BuiltIn">
<arg>3</arg>
<doc>Pauses the test executed for the given time.</doc>
<msg timestamp="20230911 13:37:13.733" level="INFO">Slept 3 seconds</msg>
<status status="PASS" starttime="20230911 13:37:10.733" endtime="20230911 13:37:13.733"/>
</kw>
<status status="PASS" starttime="20230911 13:37:08.574" endtime="20230911 13:37:13.734"/>
</kw>
<kw name="Enter the start and end date" library="UI_leftmenu_keywords">
<arg>2023-09-0${I}</arg>
<arg>2023-09-0${I}</arg>
<kw name="Set Selenium Implicit Wait" library="SeleniumLibrary">
<arg>8</arg>
<doc>Sets the implicit wait value used by Selenium.</doc>
<status status="PASS" starttime="20230911 13:37:13.735" endtime="20230911 13:37:14.739"/>
</kw>
<kw name="Click Element" library="SeleniumLibrary">
<arg>${Path_Timesheet_Startdate}</arg>
<doc>Click the element identified by ``locator``.</doc>
<msg timestamp="20230911 13:37:14.742" level="INFO">Clicking element '//input[@placeholder="Start date"]'.</msg>
<status status="PASS" starttime="20230911 13:37:14.740" endtime="20230911 13:37:16.956"/>
</kw>
<kw name="Input Text" library="SeleniumLibrary">
<arg>${Path_Timesheet_Startdate}</arg>
<arg>${Start}</arg>
<doc>Types the given ``text`` into the text field identified by ``locator``.</doc>
<msg timestamp="20230911 13:37:16.959" level="INFO">Typing text '2023-09-05' into text field '//input[@placeholder="Start date"]'.</msg>
<status status="PASS" starttime="20230911 13:37:16.957" endtime="20230911 13:37:20.156"/>
</kw>
<kw name="Sleep" library="BuiltIn">
<arg>2</arg>
<doc>Pauses the test executed for the given time.</doc>
<msg timestamp="20230911 13:37:22.159" level="INFO">Slept 2 seconds</msg>
<status status="PASS" starttime="20230911 13:37:20.157" endtime="20230911 13:37:22.159"/>
</kw>
<kw name="Click Element" library="SeleniumLibrary">
<arg>${Path_Timesheet_Enddate}</arg>
<doc>Click the element identified by ``locator``.</doc>
<msg timestamp="20230911 13:37:22.162" level="INFO">Clicking element '//input[@placeholder="End date"]'.</msg>
<status status="PASS" starttime="20230911 13:37:22.160" endtime="20230911 13:37:24.299"/>
</kw>
<kw name="Input Text" library="SeleniumLibrary">
<arg>${Path_Timesheet_Enddate}</arg>
<arg>${End}</arg>
<doc>Types the given ``text`` into the text field identified by ``locator``.</doc>
<msg timestamp="20230911 13:37:24.301" level="INFO">Typing text '2023-09-05' into text field '//input[@placeholder="End date"]'.</msg>
<status status="PASS" starttime="20230911 13:37:24.300" endtime="20230911 13:37:27.510"/>
</kw>
<kw name="Press Keys" library="SeleniumLibrary">
<arg>None</arg>
<arg>ENTER</arg>
<doc>Simulates the user pressing key(s) to an element or on the active browser.</doc>
<msg timestamp="20230911 13:37:27.513" level="INFO">Sending key(s) ('ENTER',) to page.</msg>
<msg timestamp="20230911 13:37:27.514" level="INFO">Pressing special key ENTER to browser.</msg>
<msg timestamp="20230911 13:37:27.514" level="INFO">Releasing special key ENTER.</msg>
<status status="PASS" starttime="20230911 13:37:27.511" endtime="20230911 13:37:28.635"/>
</kw>
<kw name="Sleep" library="BuiltIn">
<arg>4</arg>
<doc>Pauses the test executed for the given time.</doc>
<msg timestamp="20230911 13:37:32.638" level="INFO">Slept 4 seconds</msg>
<status status="PASS" starttime="20230911 13:37:28.636" endtime="20230911 13:37:32.638"/>
</kw>
<status status="PASS" starttime="20230911 13:37:13.734" endtime="20230911 13:37:32.639"/>
</kw>
<kw name="Enter the start and end time" library="UI_leftmenu_keywords">
<arg>9:00 AM</arg>
<arg>6:00 PM</arg>
<kw name="Set Selenium Implicit Wait" library="SeleniumLibrary">
<arg>8</arg>
<doc>Sets the implicit wait value used by Selenium.</doc>
<status status="PASS" starttime="20230911 13:37:32.640" endtime="20230911 13:37:33.647"/>
</kw>
<kw name="Input Text" library="SeleniumLibrary">
<arg>${Path_Timesheet_Sarttime}</arg>
<arg>${start_time}</arg>
<doc>Types the given ``text`` into the text field identified by ``locator``.</doc>
<msg timestamp="20230911 13:37:33.650" level="INFO">Typing text '9:00 AM' into text field '//input[@id="basic_tasks_0_startTime"]'.</msg>
<status status="PASS" starttime="20230911 13:37:33.648" endtime="20230911 13:37:36.857"/>
</kw>
<kw name="Press Keys" library="SeleniumLibrary">
<arg>None</arg>
<arg>ENTER</arg>
<doc>Simulates the user pressing key(s) to an element or on the active browser.</doc>
<msg timestamp="20230911 13:37:36.861" level="INFO">Sending key(s) ('ENTER',) to page.</msg>
<msg timestamp="20230911 13:37:36.862" level="INFO">Pressing special key ENTER to browser.</msg>
<msg timestamp="20230911 13:37:36.862" level="INFO">Releasing special key ENTER.</msg>
<status status="PASS" starttime="20230911 13:37:36.858" endtime="20230911 13:37:37.904"/>
</kw>
<kw name="Sleep" library="BuiltIn">
<arg>3</arg>
<doc>Pauses the test executed for the given time.</doc>
<msg timestamp="20230911 13:37:40.907" level="INFO">Slept 3 seconds</msg>
<status status="PASS" starttime="20230911 13:37:37.905" endtime="20230911 13:37:40.907"/>
</kw>
<kw name="Input Text" library="SeleniumLibrary">
<arg>${Path_Timesheet_Endtime}</arg>
<arg>${end_time}</arg>
<doc>Types the given ``text`` into the text field identified by ``locator``.</doc>
<msg timestamp="20230911 13:37:40.910" level="INFO">Typing text '6:00 PM' into text field '//input[@id="basic_tasks_0_endTime"]'.</msg>
<status status="PASS" starttime="20230911 13:37:40.908" endtime="20230911 13:37:44.094"/>
</kw>
<kw name="Press Keys" library="SeleniumLibrary">
<arg>None</arg>
<arg>ENTER</arg>
<doc>Simulates the user pressing key(s) to an element or on the active browser.</doc>
<msg timestamp="20230911 13:37:44.098" level="INFO">Sending key(s) ('ENTER',) to page.</msg>
<msg timestamp="20230911 13:37:44.098" level="INFO">Pressing special key ENTER to browser.</msg>
<msg timestamp="20230911 13:37:44.099" level="INFO">Releasing special key ENTER.</msg>
<status status="PASS" starttime="20230911 13:37:44.096" endtime="20230911 13:37:45.142"/>
</kw>
<kw name="Sleep" library="BuiltIn">
<arg>5</arg>
<doc>Pauses the test executed for the given time.</doc>
<msg timestamp="20230911 13:37:50.145" level="INFO">Slept 5 seconds</msg>
<status status="PASS" starttime="20230911 13:37:45.144" endtime="20230911 13:37:50.145"/>
</kw>
<status status="PASS" starttime="20230911 13:37:32.639" endtime="20230911 13:37:50.146"/>
</kw>
<kw name="Select the Project" library="UI_leftmenu_keywords">
<arg>Rampup_Software Services</arg>
<kw name="Set Selenium Implicit Wait" library="SeleniumLibrary">
<arg>8</arg>
<doc>Sets the implicit wait value used by Selenium.</doc>
<status status="PASS" starttime="20230911 13:37:50.147" endtime="20230911 13:37:51.154"/>
</kw>
<kw name="Input Text" library="SeleniumLibrary">
<arg>${Path_Timesheet_Projectname}</arg>
<arg>${Pojectname}</arg>
<doc>Types the given ``text`` into the text field identified by ``locator``.</doc>
<msg timestamp="20230911 13:37:51.157" level="INFO">Typing text 'Rampup_Software Services' into text field '//input[@id="basic_tasks_0_projectId"]'.</msg>
<status status="PASS" starttime="20230911 13:37:51.155" endtime="20230911 13:37:54.412"/>
</kw>
<kw name="Press Keys" library="SeleniumLibrary">
<arg>None</arg>
<arg>ENTER</arg>
<doc>Simulates the user pressing key(s) to an element or on the active browser.</doc>
<msg timestamp="20230911 13:37:54.414" level="INFO">Sending key(s) ('ENTER',) to page.</msg>
<msg timestamp="20230911 13:37:54.415" level="INFO">Pressing special key ENTER to browser.</msg>
<msg timestamp="20230911 13:37:54.415" level="INFO">Releasing special key ENTER.</msg>
<status status="PASS" starttime="20230911 13:37:54.412" endtime="20230911 13:37:55.457"/>
</kw>
<kw name="Sleep" library="BuiltIn">
<arg>2</arg>
<doc>Pauses the test executed for the given time.</doc>
<msg timestamp="20230911 13:37:57.459" level="INFO">Slept 2 seconds</msg>
<status status="PASS" starttime="20230911 13:37:55.458" endtime="20230911 13:37:57.459"/>
</kw>
<status status="PASS" starttime="20230911 13:37:50.146" endtime="20230911 13:37:57.460"/>
</kw>
<kw name="Enter the task name" library="UI_leftmenu_keywords">
<arg>Automationtesting${I}</arg>
<kw name="Set Selenium Implicit Wait" library="SeleniumLibrary">
<arg>8</arg>
<doc>Sets the implicit wait value used by Selenium.</doc>
<status status="PASS" starttime="20230911 13:37:57.461" endtime="20230911 13:37:58.465"/>
</kw>
<kw name="Input Text" library="SeleniumLibrary">
<arg>${Path_Timesheet_TASkname}</arg>
<arg>${taskname}</arg>
<doc>Types the given ``text`` into the text field identified by ``locator``.</doc>
<msg timestamp="20230911 13:37:58.467" level="INFO">Typing text 'Automationtesting5' into text field '//input[@id="basic_tasks_0_taskName"]'.</msg>
<status status="PASS" starttime="20230911 13:37:58.465" endtime="20230911 13:38:01.944"/>
</kw>
<kw name="Sleep" library="BuiltIn">
<arg>3</arg>
<doc>Pauses the test executed for the given time.</doc>
<msg timestamp="20230911 13:38:04.946" level="INFO">Slept 3 seconds</msg>
<status status="PASS" starttime="20230911 13:38:01.944" endtime="20230911 13:38:04.947"/>
</kw>
<status status="PASS" starttime="20230911 13:37:57.460" endtime="20230911 13:38:04.947"/>
</kw>
<kw name="Enter description of the task" library="UI_leftmenu_keywords">
<arg>Am testing the time sheet${I}</arg>
<kw name="Set Selenium Implicit Wait" library="SeleniumLibrary">
<arg>8</arg>
<doc>Sets the implicit wait value used by Selenium.</doc>
<status status="PASS" starttime="20230911 13:38:04.948" endtime="20230911 13:38:05.953"/>
</kw>
<kw name="Input Text" library="SeleniumLibrary">
<arg>${Path_Timesheet_Description}</arg>
<arg>${Description}</arg>
<doc>Types the given ``text`` into the text field identified by ``locator``.</doc>
<msg timestamp="20230911 13:38:05.955" level="INFO">Typing text 'Am testing the time sheet5' into text field '//textarea[contains(@id, "basic_tasks_0_notes") or contains(@placeholder, "Enter the description")]'.</msg>
<status status="PASS" starttime="20230911 13:38:05.953" endtime="20230911 13:38:09.567"/>
</kw>
<kw name="Sleep" library="BuiltIn">
<arg>4</arg>
<doc>Pauses the test executed for the given time.</doc>
<msg timestamp="20230911 13:38:13.569" level="INFO">Slept 4 seconds</msg>
<status status="PASS" starttime="20230911 13:38:09.567" endtime="20230911 13:38:13.569"/>
</kw>
<status status="PASS" starttime="20230911 13:38:04.947" endtime="20230911 13:38:13.570"/>
</kw>
<kw name="SUBMIT" library="UI_leftmenu_keywords">
<kw name="Set Selenium Implicit Wait" library="SeleniumLibrary">
<arg>8</arg>
<doc>Sets the implicit wait value used by Selenium.</doc>
<status status="PASS" starttime="20230911 13:38:13.571" endtime="20230911 13:38:14.575"/>
</kw>
<kw name="Click Element" library="SeleniumLibrary">
<arg>${Path_Timesheet_Submitbutton}</arg>
<doc>Click the element identified by ``locator``.</doc>
<msg timestamp="20230911 13:38:14.578" level="INFO">Clicking element '//button[@type="submit"]'.</msg>
<status status="PASS" starttime="20230911 13:38:14.577" endtime="20230911 13:38:16.739"/>
</kw>
<kw name="Sleep" library="BuiltIn">
<arg>8</arg>
<doc>Pauses the test executed for the given time.</doc>
<msg timestamp="20230911 13:38:24.742" level="INFO">Slept 8 seconds</msg>
<status status="PASS" starttime="20230911 13:38:16.740" endtime="20230911 13:38:24.743"/>
</kw>
<status status="PASS" starttime="20230911 13:38:13.570" endtime="20230911 13:38:24.745"/>
</kw>
<status status="PASS" starttime="20230911 13:37:08.574" endtime="20230911 13:38:24.745"/>
</iter>
<iter>
<var name="${I}">6</var>
<kw name="click on the add task button" library="UI_leftmenu_keywords">
<kw name="Click Element" library="SeleniumLibrary">
<arg>${Path_Timesheet_Addtask}</arg>
<doc>Click the element identified by ``locator``.</doc>
<msg timestamp="20230911 13:38:24.748" level="INFO">Clicking element '//div[contains(text(),"Add Task")]'.</msg>
<status status="PASS" starttime="20230911 13:38:24.747" endtime="20230911 13:38:26.882"/>
</kw>
<kw name="Sleep" library="BuiltIn">
<arg>3</arg>
<doc>Pauses the test executed for the given time.</doc>
<msg timestamp="20230911 13:38:29.884" level="INFO">Slept 3 seconds</msg>
<status status="PASS" starttime="20230911 13:38:26.883" endtime="20230911 13:38:29.884"/>
</kw>
<status status="PASS" starttime="20230911 13:38:24.746" endtime="20230911 13:38:29.885"/>
</kw>
<kw name="Enter the start and end date" library="UI_leftmenu_keywords">
<arg>2023-09-0${I}</arg>
<arg>2023-09-0${I}</arg>
<kw name="Set Selenium Implicit Wait" library="SeleniumLibrary">
<arg>8</arg>
<doc>Sets the implicit wait value used by Selenium.</doc>
<status status="PASS" starttime="20230911 13:38:29.886" endtime="20230911 13:38:30.891"/>
</kw>
<kw name="Click Element" library="SeleniumLibrary">
<arg>${Path_Timesheet_Startdate}</arg>
<doc>Click the element identified by ``locator``.</doc>
<msg timestamp="20230911 13:38:30.895" level="INFO">Clicking element '//input[@placeholder="Start date"]'.</msg>
<status status="PASS" starttime="20230911 13:38:30.893" endtime="20230911 13:38:33.081"/>
</kw>
<kw name="Input Text" library="SeleniumLibrary">
<arg>${Path_Timesheet_Startdate}</arg>
<arg>${Start}</arg>
<doc>Types the given ``text`` into the text field identified by ``locator``.</doc>
<msg timestamp="20230911 13:38:33.083" level="INFO">Typing text '2023-09-06' into text field '//input[@placeholder="Start date"]'.</msg>
<status status="PASS" starttime="20230911 13:38:33.082" endtime="20230911 13:38:36.280"/>
</kw>
<kw name="Sleep" library="BuiltIn">
<arg>2</arg>
<doc>Pauses the test executed for the given time.</doc>
<msg timestamp="20230911 13:38:38.282" level="INFO">Slept 2 seconds</msg>
<status status="PASS" starttime="20230911 13:38:36.281" endtime="20230911 13:38:38.283"/>
</kw>
<kw name="Click Element" library="SeleniumLibrary">
<arg>${Path_Timesheet_Enddate}</arg>
<doc>Click the element identified by ``locator``.</doc>
<msg timestamp="20230911 13:38:38.285" level="INFO">Clicking element '//input[@placeholder="End date"]'.</msg>
<status status="PASS" starttime="20230911 13:38:38.283" endtime="20230911 13:38:40.405"/>
</kw>
<kw name="Input Text" library="SeleniumLibrary">
<arg>${Path_Timesheet_Enddate}</arg>
<arg>${End}</arg>
<doc>Types the given ``text`` into the text field identified by ``locator``.</doc>
<msg timestamp="20230911 13:38:40.407" level="INFO">Typing text '2023-09-06' into text field '//input[@placeholder="End date"]'.</msg>
<status status="PASS" starttime="20230911 13:38:40.406" endtime="20230911 13:38:43.610"/>
</kw>
<kw name="Press Keys" library="SeleniumLibrary">
<arg>None</arg>
<arg>ENTER</arg>
<doc>Simulates the user pressing key(s) to an element or on the active browser.</doc>
<msg timestamp="20230911 13:38:43.613" level="INFO">Sending key(s) ('ENTER',) to page.</msg>
<msg timestamp="20230911 13:38:43.614" level="INFO">Pressing special key ENTER to browser.</msg>
<msg timestamp="20230911 13:38:43.614" level="INFO">Releasing special key ENTER.</msg>
<status status="PASS" starttime="20230911 13:38:43.611" endtime="20230911 13:38:44.732"/>
</kw>
<kw name="Sleep" library="BuiltIn">
<arg>4</arg>
<doc>Pauses the test executed for the given time.</doc>
<msg timestamp="20230911 13:38:48.733" level="INFO">Slept 4 seconds</msg>
<status status="PASS" starttime="20230911 13:38:44.733" endtime="20230911 13:38:48.733"/>
</kw>
<status status="PASS" starttime="20230911 13:38:29.885" endtime="20230911 13:38:48.733"/>
</kw>
<kw name="Enter the start and end time" library="UI_leftmenu_keywords">
<arg>9:00 AM</arg>
<arg>6:00 PM</arg>
<kw name="Set Selenium Implicit Wait" library="SeleniumLibrary">
<arg>8</arg>
<doc>Sets the implicit wait value used by Selenium.</doc>
<status status="PASS" starttime="20230911 13:38:48.734" endtime="20230911 13:38:49.738"/>
</kw>
<kw name="Input Text" library="SeleniumLibrary">
<arg>${Path_Timesheet_Sarttime}</arg>
<arg>${start_time}</arg>
<doc>Types the given ``text`` into the text field identified by ``locator``.</doc>
<msg timestamp="20230911 13:38:49.741" level="INFO">Typing text '9:00 AM' into text field '//input[@id="basic_tasks_0_startTime"]'.</msg>
<status status="PASS" starttime="20230911 13:38:49.739" endtime="20230911 13:38:52.983"/>
</kw>
<kw name="Press Keys" library="SeleniumLibrary">
<arg>None</arg>
<arg>ENTER</arg>
<doc>Simulates the user pressing key(s) to an element or on the active browser.</doc>
<msg timestamp="20230911 13:38:52.986" level="INFO">Sending key(s) ('ENTER',) to page.</msg>
<msg timestamp="20230911 13:38:52.986" level="INFO">Pressing special key ENTER to browser.</msg>
<msg timestamp="20230911 13:38:52.987" level="INFO">Releasing special key ENTER.</msg>
<status status="PASS" starttime="20230911 13:38:52.985" endtime="20230911 13:38:54.031"/>
</kw>
<kw name="Sleep" library="BuiltIn">
<arg>3</arg>
<doc>Pauses the test executed for the given time.</doc>
<msg timestamp="20230911 13:38:57.032" level="INFO">Slept 3 seconds</msg>
<status status="PASS" starttime="20230911 13:38:54.031" endtime="20230911 13:38:57.032"/>
</kw>
<kw name="Input Text" library="SeleniumLibrary">
<arg>${Path_Timesheet_Endtime}</arg>
<arg>${end_time}</arg>
<doc>Types the given ``text`` into the text field identified by ``locator``.</doc>
<msg timestamp="20230911 13:38:57.034" level="INFO">Typing text '6:00 PM' into text field '//input[@id="basic_tasks_0_endTime"]'.</msg>
<status status="PASS" starttime="20230911 13:38:57.033" endtime="20230911 13:39:00.255"/>
</kw>
<kw name="Press Keys" library="SeleniumLibrary">
<arg>None</arg>
<arg>ENTER</arg>
<doc>Simulates the user pressing key(s) to an element or on the active browser.</doc>
<msg timestamp="20230911 13:39:00.257" level="INFO">Sending key(s) ('ENTER',) to page.</msg>
<msg timestamp="20230911 13:39:00.258" level="INFO">Pressing special key ENTER to browser.</msg>
<msg timestamp="20230911 13:39:00.258" level="INFO">Releasing special key ENTER.</msg>
<status status="PASS" starttime="20230911 13:39:00.256" endtime="20230911 13:39:01.301"/>
</kw>
<kw name="Sleep" library="BuiltIn">
<arg>5</arg>
<doc>Pauses the test executed for the given time.</doc>
<msg timestamp="20230911 13:39:06.304" level="INFO">Slept 5 seconds</msg>
<status status="PASS" starttime="20230911 13:39:01.302" endtime="20230911 13:39:06.304"/>
</kw>
<status status="PASS" starttime="20230911 13:38:48.733" endtime="20230911 13:39:06.305"/>
</kw>
<kw name="Select the Project" library="UI_leftmenu_keywords">
<arg>Rampup_Software Services</arg>
<kw name="Set Selenium Implicit Wait" library="SeleniumLibrary">
<arg>8</arg>
<doc>Sets the implicit wait value used by Selenium.</doc>
<status status="PASS" starttime="20230911 13:39:06.306" endtime="20230911 13:39:07.310"/>
</kw>
<kw name="Input Text" library="SeleniumLibrary">
<arg>${Path_Timesheet_Projectname}</arg>
<arg>${Pojectname}</arg>
<doc>Types the given ``text`` into the text field identified by ``locator``.</doc>
<msg timestamp="20230911 13:39:07.312" level="INFO">Typing text 'Rampup_Software Services' into text field '//input[@id="basic_tasks_0_projectId"]'.</msg>
<status status="PASS" starttime="20230911 13:39:07.311" endtime="20230911 13:39:10.587"/>
</kw>
<kw name="Press Keys" library="SeleniumLibrary">
<arg>None</arg>
<arg>ENTER</arg>
<doc>Simulates the user pressing key(s) to an element or on the active browser.</doc>
<msg timestamp="20230911 13:39:10.590" level="INFO">Sending key(s) ('ENTER',) to page.</msg>
<msg timestamp="20230911 13:39:10.590" level="INFO">Pressing special key ENTER to browser.</msg>
<msg timestamp="20230911 13:39:10.590" level="INFO">Releasing special key ENTER.</msg>
<status status="PASS" starttime="20230911 13:39:10.588" endtime="20230911 13:39:11.638"/>
</kw>
<kw name="Sleep" library="BuiltIn">
<arg>2</arg>
<doc>Pauses the test executed for the given time.</doc>
<msg timestamp="20230911 13:39:13.639" level="INFO">Slept 2 seconds</msg>
<status status="PASS" starttime="20230911 13:39:11.639" endtime="20230911 13:39:13.639"/>
</kw>
<status status="PASS" starttime="20230911 13:39:06.306" endtime="20230911 13:39:13.639"/>
</kw>
<kw name="Enter the task name" library="UI_leftmenu_keywords">
<arg>Automationtesting${I}</arg>
<kw name="Set Selenium Implicit Wait" library="SeleniumLibrary">
<arg>8</arg>
<doc>Sets the implicit wait value used by Selenium.</doc>
<status status="PASS" starttime="20230911 13:39:13.640" endtime="20230911 13:39:14.643"/>
</kw>
<kw name="Input Text" library="SeleniumLibrary">
<arg>${Path_Timesheet_TASkname}</arg>
<arg>${taskname}</arg>
<doc>Types the given ``text`` into the text field identified by ``locator``.</doc>
<msg timestamp="20230911 13:39:14.646" level="INFO">Typing text 'Automationtesting6' into text field '//input[@id="basic_tasks_0_taskName"]'.</msg>
<status status="PASS" starttime="20230911 13:39:14.644" endtime="20230911 13:39:18.113"/>
</kw>
<kw name="Sleep" library="BuiltIn">
<arg>3</arg>
<doc>Pauses the test executed for the given time.</doc>
<msg timestamp="20230911 13:39:21.114" level="INFO">Slept 3 seconds</msg>
<status status="PASS" starttime="20230911 13:39:18.114" endtime="20230911 13:39:21.115"/>
</kw>
<status status="PASS" starttime="20230911 13:39:13.639" endtime="20230911 13:39:21.116"/>
</kw>
<kw name="Enter description of the task" library="UI_leftmenu_keywords">
<arg>Am testing the time sheet${I}</arg>
<kw name="Set Selenium Implicit Wait" library="SeleniumLibrary">
<arg>8</arg>
<doc>Sets the implicit wait value used by Selenium.</doc>
<status status="PASS" starttime="20230911 13:39:21.118" endtime="20230911 13:39:22.122"/>
</kw>
<kw name="Input Text" library="SeleniumLibrary">
<arg>${Path_Timesheet_Description}</arg>
<arg>${Description}</arg>
<doc>Types the given ``text`` into the text field identified by ``locator``.</doc>
<msg timestamp="20230911 13:39:22.123" level="INFO">Typing text 'Am testing the time sheet6' into text field '//textarea[contains(@id, "basic_tasks_0_notes") or contains(@placeholder, "Enter the description")]'.</msg>
<status status="PASS" starttime="20230911 13:39:22.122" endtime="20230911 13:39:25.733"/>
</kw>
<kw name="Sleep" library="BuiltIn">
<arg>4</arg>
<doc>Pauses the test executed for the given time.</doc>
<msg timestamp="20230911 13:39:29.735" level="INFO">Slept 4 seconds</msg>
<status status="PASS" starttime="20230911 13:39:25.734" endtime="20230911 13:39:29.735"/>
</kw>
<status status="PASS" starttime="20230911 13:39:21.117" endtime="20230911 13:39:29.736"/>
</kw>
<kw name="SUBMIT" library="UI_leftmenu_keywords">
<kw name="Set Selenium Implicit Wait" library="SeleniumLibrary">
<arg>8</arg>
<doc>Sets the implicit wait value used by Selenium.</doc>
<status status="PASS" starttime="20230911 13:39:29.737" endtime="20230911 13:39:30.743"/>
</kw>
<kw name="Click Element" library="SeleniumLibrary">
<arg>${Path_Timesheet_Submitbutton}</arg>
<doc>Click the element identified by ``locator``.</doc>
<msg timestamp="20230911 13:39:30.745" level="INFO">Clicking element '//button[@type="submit"]'.</msg>
<status status="PASS" starttime="20230911 13:39:30.743" endtime="20230911 13:39:32.915"/>
</kw>
<kw name="Sleep" library="BuiltIn">
<arg>8</arg>
<doc>Pauses the test executed for the given time.</doc>
<msg timestamp="20230911 13:39:40.917" level="INFO">Slept 8 seconds</msg>
<status status="PASS" starttime="20230911 13:39:32.915" endtime="20230911 13:39:40.918"/>
</kw>
<status status="PASS" starttime="20230911 13:39:29.736" endtime="20230911 13:39:40.918"/>
</kw>
<status status="PASS" starttime="20230911 13:38:24.745" endtime="20230911 13:39:40.918"/>
</iter>
<iter>
<var name="${I}">7</var>
<kw name="click on the add task button" library="UI_leftmenu_keywords">
<kw name="Click Element" library="SeleniumLibrary">
<arg>${Path_Timesheet_Addtask}</arg>
<doc>Click the element identified by ``locator``.</doc>
<msg timestamp="20230911 13:39:40.922" level="INFO">Clicking element '//div[contains(text(),"Add Task")]'.</msg>
<status status="PASS" starttime="20230911 13:39:40.920" endtime="20230911 13:39:43.059"/>
</kw>
<kw name="Sleep" library="BuiltIn">
<arg>3</arg>
<doc>Pauses the test executed for the given time.</doc>
<msg timestamp="20230911 13:39:46.061" level="INFO">Slept 3 seconds</msg>
<status status="PASS" starttime="20230911 13:39:43.059" endtime="20230911 13:39:46.062"/>
</kw>
<status status="PASS" starttime="20230911 13:39:40.920" endtime="20230911 13:39:46.062"/>
</kw>
<kw name="Enter the start and end date" library="UI_leftmenu_keywords">
<arg>2023-09-0${I}</arg>
<arg>2023-09-0${I}</arg>
<kw name="Set Selenium Implicit Wait" library="SeleniumLibrary">
<arg>8</arg>
<doc>Sets the implicit wait value used by Selenium.</doc>
<status status="PASS" starttime="20230911 13:39:46.064" endtime="20230911 13:39:47.073"/>
</kw>
<kw name="Click Element" library="SeleniumLibrary">
<arg>${Path_Timesheet_Startdate}</arg>
<doc>Click the element identified by ``locator``.</doc>
<msg timestamp="20230911 13:39:47.075" level="INFO">Clicking element '//input[@placeholder="Start date"]'.</msg>
<status status="PASS" starttime="20230911 13:39:47.074" endtime="20230911 13:39:49.250"/>
</kw>
<kw name="Input Text" library="SeleniumLibrary">
<arg>${Path_Timesheet_Startdate}</arg>
<arg>${Start}</arg>
<doc>Types the given ``text`` into the text field identified by ``locator``.</doc>
<msg timestamp="20230911 13:39:49.253" level="INFO">Typing text '2023-09-07' into text field '//input[@placeholder="Start date"]'.</msg>
<status status="PASS" starttime="20230911 13:39:49.251" endtime="20230911 13:39:52.460"/>
</kw>
<kw name="Sleep" library="BuiltIn">
<arg>2</arg>
<doc>Pauses the test executed for the given time.</doc>
<msg timestamp="20230911 13:39:54.461" level="INFO">Slept 2 seconds</msg>
<status status="PASS" starttime="20230911 13:39:52.460" endtime="20230911 13:39:54.461"/>
</kw>
<kw name="Click Element" library="SeleniumLibrary">
<arg>${Path_Timesheet_Enddate}</arg>
<doc>Click the element identified by ``locator``.</doc>
<msg timestamp="20230911 13:39:54.463" level="INFO">Clicking element '//input[@placeholder="End date"]'.</msg>
<status status="PASS" starttime="20230911 13:39:54.461" endtime="20230911 13:39:56.589"/>
</kw>
<kw name="Input Text" library="SeleniumLibrary">
<arg>${Path_Timesheet_Enddate}</arg>
<arg>${End}</arg>
<doc>Types the given ``text`` into the text field identified by ``locator``.</doc>
<msg timestamp="20230911 13:39:56.590" level="INFO">Typing text '2023-09-07' into text field '//input[@placeholder="End date"]'.</msg>
<status status="PASS" starttime="20230911 13:39:56.589" endtime="20230911 13:39:59.781"/>
</kw>
<kw name="Press Keys" library="SeleniumLibrary">
<arg>None</arg>
<arg>ENTER</arg>
<doc>Simulates the user pressing key(s) to an element or on the active browser.</doc>
<msg timestamp="20230911 13:39:59.784" level="INFO">Sending key(s) ('ENTER',) to page.</msg>
<msg timestamp="20230911 13:39:59.784" level="INFO">Pressing special key ENTER to browser.</msg>
<msg timestamp="20230911 13:39:59.784" level="INFO">Releasing special key ENTER.</msg>
<status status="PASS" starttime="20230911 13:39:59.782" endtime="20230911 13:40:00.908"/>
</kw>
<kw name="Sleep" library="BuiltIn">
<arg>4</arg>
<doc>Pauses the test executed for the given time.</doc>
<msg timestamp="20230911 13:40:04.910" level="INFO">Slept 4 seconds</msg>
<status status="PASS" starttime="20230911 13:40:00.908" endtime="20230911 13:40:04.911"/>
</kw>
<status status="PASS" starttime="20230911 13:39:46.063" endtime="20230911 13:40:04.911"/>
</kw>
<kw name="Enter the start and end time" library="UI_leftmenu_keywords">
<arg>9:00 AM</arg>
<arg>6:00 PM</arg>
<kw name="Set Selenium Implicit Wait" library="SeleniumLibrary">
<arg>8</arg>
<doc>Sets the implicit wait value used by Selenium.</doc>
<status status="PASS" starttime="20230911 13:40:04.912" endtime="20230911 13:40:05.920"/>
</kw>
<kw name="Input Text" library="SeleniumLibrary">
<arg>${Path_Timesheet_Sarttime}</arg>
<arg>${start_time}</arg>
<doc>Types the given ``text`` into the text field identified by ``locator``.</doc>
<msg timestamp="20230911 13:40:05.922" level="INFO">Typing text '9:00 AM' into text field '//input[@id="basic_tasks_0_startTime"]'.</msg>
<status status="PASS" starttime="20230911 13:40:05.921" endtime="20230911 13:40:09.127"/>
</kw>
<kw name="Press Keys" library="SeleniumLibrary">
<arg>None</arg>
<arg>ENTER</arg>
<doc>Simulates the user pressing key(s) to an element or on the active browser.</doc>
<msg timestamp="20230911 13:40:09.130" level="INFO">Sending key(s) ('ENTER',) to page.</msg>
<msg timestamp="20230911 13:40:09.130" level="INFO">Pressing special key ENTER to browser.</msg>
<msg timestamp="20230911 13:40:09.130" level="INFO">Releasing special key ENTER.</msg>
<status status="PASS" starttime="20230911 13:40:09.128" endtime="20230911 13:40:10.174"/>
</kw>
<kw name="Sleep" library="BuiltIn">
<arg>3</arg>
<doc>Pauses the test executed for the given time.</doc>
<msg timestamp="20230911 13:40:13.176" level="INFO">Slept 3 seconds</msg>
<status status="PASS" starttime="20230911 13:40:10.176" endtime="20230911 13:40:13.176"/>
</kw>
<kw name="Input Text" library="SeleniumLibrary">
<arg>${Path_Timesheet_Endtime}</arg>
<arg>${end_time}</arg>
<doc>Types the given ``text`` into the text field identified by ``locator``.</doc>
<msg timestamp="20230911 13:40:13.178" level="INFO">Typing text '6:00 PM' into text field '//input[@id="basic_tasks_0_endTime"]'.</msg>
<status status="PASS" starttime="20230911 13:40:13.176" endtime="20230911 13:40:16.376"/>
</kw>
<kw name="Press Keys" library="SeleniumLibrary">
<arg>None</arg>
<arg>ENTER</arg>
<doc>Simulates the user pressing key(s) to an element or on the active browser.</doc>
<msg timestamp="20230911 13:40:16.378" level="INFO">Sending key(s) ('ENTER',) to page.</msg>
<msg timestamp="20230911 13:40:16.378" level="INFO">Pressing special key ENTER to browser.</msg>
<msg timestamp="20230911 13:40:16.379" level="INFO">Releasing special key ENTER.</msg>
<status status="PASS" starttime="20230911 13:40:16.377" endtime="20230911 13:40:17.421"/>
</kw>
<kw name="Sleep" library="BuiltIn">
<arg>5</arg>
<doc>Pauses the test executed for the given time.</doc>
<msg timestamp="20230911 13:40:22.422" level="INFO">Slept 5 seconds</msg>
<status status="PASS" starttime="20230911 13:40:17.421" endtime="20230911 13:40:22.422"/>
</kw>
<status status="PASS" starttime="20230911 13:40:04.911" endtime="20230911 13:40:22.422"/>
</kw>
<kw name="Select the Project" library="UI_leftmenu_keywords">
<arg>Rampup_Software Services</arg>
<kw name="Set Selenium Implicit Wait" library="SeleniumLibrary">
<arg>8</arg>
<doc>Sets the implicit wait value used by Selenium.</doc>
<status status="PASS" starttime="20230911 13:40:22.425" endtime="20230911 13:40:23.429"/>
</kw>
<kw name="Input Text" library="SeleniumLibrary">
<arg>${Path_Timesheet_Projectname}</arg>
<arg>${Pojectname}</arg>
<doc>Types the given ``text`` into the text field identified by ``locator``.</doc>
<msg timestamp="20230911 13:40:23.432" level="INFO">Typing text 'Rampup_Software Services' into text field '//input[@id="basic_tasks_0_projectId"]'.</msg>
<status status="PASS" starttime="20230911 13:40:23.430" endtime="20230911 13:40:26.741"/>
</kw>
<kw name="Press Keys" library="SeleniumLibrary">
<arg>None</arg>
<arg>ENTER</arg>
<doc>Simulates the user pressing key(s) to an element or on the active browser.</doc>
<msg timestamp="20230911 13:40:26.744" level="INFO">Sending key(s) ('ENTER',) to page.</msg>
<msg timestamp="20230911 13:40:26.744" level="INFO">Pressing special key ENTER to browser.</msg>
<msg timestamp="20230911 13:40:26.744" level="INFO">Releasing special key ENTER.</msg>
<status status="PASS" starttime="20230911 13:40:26.742" endtime="20230911 13:40:27.792"/>
</kw>
<kw name="Sleep" library="BuiltIn">
<arg>2</arg>
<doc>Pauses the test executed for the given time.</doc>
<msg timestamp="20230911 13:40:29.794" level="INFO">Slept 2 seconds</msg>
<status status="PASS" starttime="20230911 13:40:27.792" endtime="20230911 13:40:29.794"/>
</kw>
<status status="PASS" starttime="20230911 13:40:22.423" endtime="20230911 13:40:29.794"/>
</kw>
<kw name="Enter the task name" library="UI_leftmenu_keywords">
<arg>Automationtesting${I}</arg>
<kw name="Set Selenium Implicit Wait" library="SeleniumLibrary">
<arg>8</arg>
<doc>Sets the implicit wait value used by Selenium.</doc>
<status status="PASS" starttime="20230911 13:40:29.796" endtime="20230911 13:40:30.802"/>
</kw>
<kw name="Input Text" library="SeleniumLibrary">
<arg>${Path_Timesheet_TASkname}</arg>
<arg>${taskname}</arg>
<doc>Types the given ``text`` into the text field identified by ``locator``.</doc>
<msg timestamp="20230911 13:40:30.804" level="INFO">Typing text 'Automationtesting7' into text field '//input[@id="basic_tasks_0_taskName"]'.</msg>
<status status="PASS" starttime="20230911 13:40:30.802" endtime="20230911 13:40:34.272"/>
</kw>
<kw name="Sleep" library="BuiltIn">
<arg>3</arg>
<doc>Pauses the test executed for the given time.</doc>
<msg timestamp="20230911 13:40:37.274" level="INFO">Slept 3 seconds</msg>
<status status="PASS" starttime="20230911 13:40:34.273" endtime="20230911 13:40:37.274"/>
</kw>
<status status="PASS" starttime="20230911 13:40:29.795" endtime="20230911 13:40:37.276"/>
</kw>
<kw name="Enter description of the task" library="UI_leftmenu_keywords">
<arg>Am testing the time sheet${I}</arg>
<kw name="Set Selenium Implicit Wait" library="SeleniumLibrary">
<arg>8</arg>
<doc>Sets the implicit wait value used by Selenium.</doc>
<status status="PASS" starttime="20230911 13:40:37.277" endtime="20230911 13:40:38.283"/>
</kw>
<kw name="Input Text" library="SeleniumLibrary">
<arg>${Path_Timesheet_Description}</arg>
<arg>${Description}</arg>
<doc>Types the given ``text`` into the text field identified by ``locator``.</doc>
<msg timestamp="20230911 13:40:38.284" level="INFO">Typing text 'Am testing the time sheet7' into text field '//textarea[contains(@id, "basic_tasks_0_notes") or contains(@placeholder, "Enter the description")]'.</msg>
<status status="PASS" starttime="20230911 13:40:38.284" endtime="20230911 13:40:41.903"/>
</kw>
<kw name="Sleep" library="BuiltIn">
<arg>4</arg>
<doc>Pauses the test executed for the given time.</doc>
<msg timestamp="20230911 13:40:45.906" level="INFO">Slept 4 seconds</msg>
<status status="PASS" starttime="20230911 13:40:41.904" endtime="20230911 13:40:45.908"/>
</kw>
<status status="PASS" starttime="20230911 13:40:37.276" endtime="20230911 13:40:45.908"/>
</kw>
<kw name="SUBMIT" library="UI_leftmenu_keywords">
<kw name="Set Selenium Implicit Wait" library="SeleniumLibrary">
<arg>8</arg>
<doc>Sets the implicit wait value used by Selenium.</doc>
<status status="PASS" starttime="20230911 13:40:45.910" endtime="20230911 13:40:46.915"/>
</kw>
<kw name="Click Element" library="SeleniumLibrary">
<arg>${Path_Timesheet_Submitbutton}</arg>
<doc>Click the element identified by ``locator``.</doc>
<msg timestamp="20230911 13:40:46.917" level="INFO">Clicking element '//button[@type="submit"]'.</msg>
<status status="PASS" starttime="20230911 13:40:46.916" endtime="20230911 13:40:49.065"/>
</kw>
<kw name="Sleep" library="BuiltIn">
<arg>8</arg>
<doc>Pauses the test executed for the given time.</doc>
<msg timestamp="20230911 13:40:57.067" level="INFO">Slept 8 seconds</msg>
<status status="PASS" starttime="20230911 13:40:49.066" endtime="20230911 13:40:57.067"/>
</kw>
<status status="PASS" starttime="20230911 13:40:45.909" endtime="20230911 13:40:57.068"/>
</kw>
<status status="PASS" starttime="20230911 13:39:40.919" endtime="20230911 13:40:57.068"/>
</iter>
<iter>
<var name="${I}">8</var>
<kw name="click on the add task button" library="UI_leftmenu_keywords">
<kw name="Click Element" library="SeleniumLibrary">
<arg>${Path_Timesheet_Addtask}</arg>
<doc>Click the element identified by ``locator``.</doc>
<msg timestamp="20230911 13:40:57.071" level="INFO">Clicking element '//div[contains(text(),"Add Task")]'.</msg>
<status status="PASS" starttime="20230911 13:40:57.070" endtime="20230911 13:40:59.230"/>
</kw>
<kw name="Sleep" library="BuiltIn">
<arg>3</arg>
<doc>Pauses the test executed for the given time.</doc>
<msg timestamp="20230911 13:41:02.231" level="INFO">Slept 3 seconds</msg>
<status status="PASS" starttime="20230911 13:40:59.230" endtime="20230911 13:41:02.231"/>
</kw>
<status status="PASS" starttime="20230911 13:40:57.069" endtime="20230911 13:41:02.233"/>
</kw>
<kw name="Enter the start and end date" library="UI_leftmenu_keywords">
<arg>2023-09-0${I}</arg>
<arg>2023-09-0${I}</arg>
<kw name="Set Selenium Implicit Wait" library="SeleniumLibrary">
<arg>8</arg>
<doc>Sets the implicit wait value used by Selenium.</doc>
<status status="PASS" starttime="20230911 13:41:02.234" endtime="20230911 13:41:03.238"/>
</kw>
<kw name="Click Element" library="SeleniumLibrary">
<arg>${Path_Timesheet_Startdate}</arg>
<doc>Click the element identified by ``locator``.</doc>
<msg timestamp="20230911 13:41:03.241" level="INFO">Clicking element '//input[@placeholder="Start date"]'.</msg>
<status status="PASS" starttime="20230911 13:41:03.238" endtime="20230911 13:41:05.453"/>
</kw>
<kw name="Input Text" library="SeleniumLibrary">
<arg>${Path_Timesheet_Startdate}</arg>
<arg>${Start}</arg>
<doc>Types the given ``text`` into the text field identified by ``locator``.</doc>
<msg timestamp="20230911 13:41:05.455" level="INFO">Typing text '2023-09-08' into text field '//input[@placeholder="Start date"]'.</msg>
<status status="PASS" starttime="20230911 13:41:05.454" endtime="20230911 13:41:08.690"/>
</kw>
<kw name="Sleep" library="BuiltIn">
<arg>2</arg>
<doc>Pauses the test executed for the given time.</doc>
<msg timestamp="20230911 13:41:10.692" level="INFO">Slept 2 seconds</msg>
<status status="PASS" starttime="20230911 13:41:08.690" endtime="20230911 13:41:10.692"/>
</kw>
<kw name="Click Element" library="SeleniumLibrary">
<arg>${Path_Timesheet_Enddate}</arg>
<doc>Click the element identified by ``locator``.</doc>
<msg timestamp="20230911 13:41:10.693" level="INFO">Clicking element '//input[@placeholder="End date"]'.</msg>
<status status="PASS" starttime="20230911 13:41:10.692" endtime="20230911 13:41:12.814"/>
</kw>
<kw name="Input Text" library="SeleniumLibrary">
<arg>${Path_Timesheet_Enddate}</arg>
<arg>${End}</arg>
<doc>Types the given ``text`` into the text field identified by ``locator``.</doc>
<msg timestamp="20230911 13:41:12.815" level="INFO">Typing text '2023-09-08' into text field '//input[@placeholder="End date"]'.</msg>
<status status="PASS" starttime="20230911 13:41:12.814" endtime="20230911 13:41:16.012"/>
</kw>
<kw name="Press Keys" library="SeleniumLibrary">
<arg>None</arg>
<arg>ENTER</arg>
<doc>Simulates the user pressing key(s) to an element or on the active browser.</doc>
<msg timestamp="20230911 13:41:16.014" level="INFO">Sending key(s) ('ENTER',) to page.</msg>
<msg timestamp="20230911 13:41:16.014" level="INFO">Pressing special key ENTER to browser.</msg>
<msg timestamp="20230911 13:41:16.014" level="INFO">Releasing special key ENTER.</msg>
<status status="PASS" starttime="20230911 13:41:16.012" endtime="20230911 13:41:17.141"/>
</kw>
<kw name="Sleep" library="BuiltIn">
<arg>4</arg>
<doc>Pauses the test executed for the given time.</doc>
<msg timestamp="20230911 13:41:21.143" level="INFO">Slept 4 seconds</msg>
<status status="PASS" starttime="20230911 13:41:17.141" endtime="20230911 13:41:21.143"/>
</kw>
<status status="PASS" starttime="20230911 13:41:02.233" endtime="20230911 13:41:21.144"/>
</kw>
<kw name="Enter the start and end time" library="UI_leftmenu_keywords">
<arg>9:00 AM</arg>
<arg>6:00 PM</arg>
<kw name="Set Selenium Implicit Wait" library="SeleniumLibrary">
<arg>8</arg>
<doc>Sets the implicit wait value used by Selenium.</doc>
<status status="PASS" starttime="20230911 13:41:21.145" endtime="20230911 13:41:22.153"/>
</kw>
<kw name="Input Text" library="SeleniumLibrary">
<arg>${Path_Timesheet_Sarttime}</arg>
<arg>${start_time}</arg>
<doc>Types the given ``text`` into the text field identified by ``locator``.</doc>
<msg timestamp="20230911 13:41:22.156" level="INFO">Typing text '9:00 AM' into text field '//input[@id="basic_tasks_0_startTime"]'.</msg>
<status status="PASS" starttime="20230911 13:41:22.154" endtime="20230911 13:41:25.355"/>
</kw>
<kw name="Press Keys" library="SeleniumLibrary">
<arg>None</arg>
<arg>ENTER</arg>
<doc>Simulates the user pressing key(s) to an element or on the active browser.</doc>
<msg timestamp="20230911 13:41:25.360" level="INFO">Sending key(s) ('ENTER',) to page.</msg>
<msg timestamp="20230911 13:41:25.362" level="INFO">Pressing special key ENTER to browser.</msg>
<msg timestamp="20230911 13:41:25.362" level="INFO">Releasing special key ENTER.</msg>
<status status="PASS" starttime="20230911 13:41:25.356" endtime="20230911 13:41:26.401"/>
</kw>
<kw name="Sleep" library="BuiltIn">
<arg>3</arg>
<doc>Pauses the test executed for the given time.</doc>
<msg timestamp="20230911 13:41:29.403" level="INFO">Slept 3 seconds</msg>
<status status="PASS" starttime="20230911 13:41:26.401" endtime="20230911 13:41:29.404"/>
</kw>
<kw name="Input Text" library="SeleniumLibrary">
<arg>${Path_Timesheet_Endtime}</arg>
<arg>${end_time}</arg>
<doc>Types the given ``text`` into the text field identified by ``locator``.</doc>
<msg timestamp="20230911 13:41:29.405" level="INFO">Typing text '6:00 PM' into text field '//input[@id="basic_tasks_0_endTime"]'.</msg>
<status status="PASS" starttime="20230911 13:41:29.404" endtime="20230911 13:41:32.605"/>
</kw>
<kw name="Press Keys" library="SeleniumLibrary">
<arg>None</arg>
<arg>ENTER</arg>
<doc>Simulates the user pressing key(s) to an element or on the active browser.</doc>
<msg timestamp="20230911 13:41:32.609" level="INFO">Sending key(s) ('ENTER',) to page.</msg>
<msg timestamp="20230911 13:41:32.610" level="INFO">Pressing special key ENTER to browser.</msg>
<msg timestamp="20230911 13:41:32.610" level="INFO">Releasing special key ENTER.</msg>
<status status="PASS" starttime="20230911 13:41:32.606" endtime="20230911 13:41:33.656"/>
</kw>
<kw name="Sleep" library="BuiltIn">
<arg>5</arg>
<doc>Pauses the test executed for the given time.</doc>
<msg timestamp="20230911 13:41:38.658" level="INFO">Slept 5 seconds</msg>
<status status="PASS" starttime="20230911 13:41:33.657" endtime="20230911 13:41:38.659"/>
</kw>
<status status="PASS" starttime="20230911 13:41:21.144" endtime="20230911 13:41:38.659"/>
</kw>
<kw name="Select the Project" library="UI_leftmenu_keywords">
<arg>Rampup_Software Services</arg>
<kw name="Set Selenium Implicit Wait" library="SeleniumLibrary">
<arg>8</arg>
<doc>Sets the implicit wait value used by Selenium.</doc>
<status status="PASS" starttime="20230911 13:41:38.661" endtime="20230911 13:41:39.664"/>
</kw>
<kw name="Input Text" library="SeleniumLibrary">
<arg>${Path_Timesheet_Projectname}</arg>
<arg>${Pojectname}</arg>
<doc>Types the given ``text`` into the text field identified by ``locator``.</doc>
<msg timestamp="20230911 13:41:39.666" level="INFO">Typing text 'Rampup_Software Services' into text field '//input[@id="basic_tasks_0_projectId"]'.</msg>
<status status="PASS" starttime="20230911 13:41:39.665" endtime="20230911 13:41:42.920"/>
</kw>
<kw name="Press Keys" library="SeleniumLibrary">
<arg>None</arg>
<arg>ENTER</arg>
<doc>Simulates the user pressing key(s) to an element or on the active browser.</doc>
<msg timestamp="20230911 13:41:42.924" level="INFO">Sending key(s) ('ENTER',) to page.</msg>
<msg timestamp="20230911 13:41:42.925" level="INFO">Pressing special key ENTER to browser.</msg>
<msg timestamp="20230911 13:41:42.925" level="INFO">Releasing special key ENTER.</msg>
<status status="PASS" starttime="20230911 13:41:42.923" endtime="20230911 13:41:43.966"/>
</kw>
<kw name="Sleep" library="BuiltIn">
<arg>2</arg>
<doc>Pauses the test executed for the given time.</doc>
<msg timestamp="20230911 13:41:45.967" level="INFO">Slept 2 seconds</msg>
<status status="PASS" starttime="20230911 13:41:43.967" endtime="20230911 13:41:45.967"/>
</kw>
<status status="PASS" starttime="20230911 13:41:38.660" endtime="20230911 13:41:45.969"/>
</kw>
<kw name="Enter the task name" library="UI_leftmenu_keywords">
<arg>Automationtesting${I}</arg>
<kw name="Set Selenium Implicit Wait" library="SeleniumLibrary">
<arg>8</arg>
<doc>Sets the implicit wait value used by Selenium.</doc>
<status status="PASS" starttime="20230911 13:41:45.970" endtime="20230911 13:41:46.974"/>
</kw>
<kw name="Input Text" library="SeleniumLibrary">
<arg>${Path_Timesheet_TASkname}</arg>
<arg>${taskname}</arg>
<doc>Types the given ``text`` into the text field identified by ``locator``.</doc>
<msg timestamp="20230911 13:41:46.977" level="INFO">Typing text 'Automationtesting8' into text field '//input[@id="basic_tasks_0_taskName"]'.</msg>
<status status="PASS" starttime="20230911 13:41:46.974" endtime="20230911 13:41:50.474"/>
</kw>
<kw name="Sleep" library="BuiltIn">
<arg>3</arg>
<doc>Pauses the test executed for the given time.</doc>
<msg timestamp="20230911 13:41:53.478" level="INFO">Slept 3 seconds</msg>
<status status="PASS" starttime="20230911 13:41:50.475" endtime="20230911 13:41:53.479"/>
</kw>
<status status="PASS" starttime="20230911 13:41:45.969" endtime="20230911 13:41:53.480"/>
</kw>
<kw name="Enter description of the task" library="UI_leftmenu_keywords">
<arg>Am testing the time sheet${I}</arg>
<kw name="Set Selenium Implicit Wait" library="SeleniumLibrary">
<arg>8</arg>
<doc>Sets the implicit wait value used by Selenium.</doc>
<status status="PASS" starttime="20230911 13:41:53.481" endtime="20230911 13:41:54.487"/>
</kw>
<kw name="Input Text" library="SeleniumLibrary">
<arg>${Path_Timesheet_Description}</arg>
<arg>${Description}</arg>
<doc>Types the given ``text`` into the text field identified by ``locator``.</doc>
<msg timestamp="20230911 13:41:54.491" level="INFO">Typing text 'Am testing the time sheet8' into text field '//textarea[contains(@id, "basic_tasks_0_notes") or contains(@placeholder, "Enter the description")]'.</msg>
<status status="PASS" starttime="20230911 13:41:54.489" endtime="20230911 13:41:58.101"/>
</kw>
<kw name="Sleep" library="BuiltIn">
<arg>4</arg>
<doc>Pauses the test executed for the given time.</doc>
<msg timestamp="20230911 13:42:02.103" level="INFO">Slept 4 seconds</msg>
<status status="PASS" starttime="20230911 13:41:58.102" endtime="20230911 13:42:02.104"/>
</kw>
<status status="PASS" starttime="20230911 13:41:53.480" endtime="20230911 13:42:02.104"/>
</kw>
<kw name="SUBMIT" library="UI_leftmenu_keywords">
<kw name="Set Selenium Implicit Wait" library="SeleniumLibrary">
<arg>8</arg>
<doc>Sets the implicit wait value used by Selenium.</doc>
<status status="PASS" starttime="20230911 13:42:02.106" endtime="20230911 13:42:03.110"/>
</kw>
<kw name="Click Element" library="SeleniumLibrary">
<arg>${Path_Timesheet_Submitbutton}</arg>
<doc>Click the element identified by ``locator``.</doc>
<msg timestamp="20230911 13:42:03.112" level="INFO">Clicking element '//button[@type="submit"]'.</msg>
<status status="PASS" starttime="20230911 13:42:03.110" endtime="20230911 13:42:05.249"/>
</kw>
<kw name="Sleep" library="BuiltIn">
<arg>8</arg>
<doc>Pauses the test executed for the given time.</doc>
<msg timestamp="20230911 13:42:13.253" level="INFO">Slept 8 seconds</msg>
<status status="PASS" starttime="20230911 13:42:05.250" endtime="20230911 13:42:13.253"/>
</kw>
<status status="PASS" starttime="20230911 13:42:02.105" endtime="20230911 13:42:13.253"/>
</kw>
<status status="PASS" starttime="20230911 13:40:57.069" endtime="20230911 13:42:13.255"/>
</iter>
<status status="PASS" starttime="20230911 13:35:52.257" endtime="20230911 13:42:13.255"/>
</for>
<status status="PASS" starttime="20230911 13:35:52.256" endtime="20230911 13:42:13.256"/>
</test>
<test id="s1-t4" name="HR_OS_TIMESHEET_EDIT_DAILY_FILL" line="45">
<for flavor="IN RANGE">
<var>${i}</var>
<value>4</value>
<value>9</value>
<iter>
<var name="${i}">4</var>
<kw name="click the date" library="UI_leftmenu_keywords">
<kw name="Set Selenium Implicit Wait" library="SeleniumLibrary">
<arg>8</arg>
<doc>Sets the implicit wait value used by Selenium.</doc>
<status status="PASS" starttime="20230911 13:42:13.262" endtime="20230911 13:42:14.265"/>
</kw>
<kw name="Sleep" library="BuiltIn">
<arg>3</arg>
<doc>Pauses the test executed for the given time.</doc>
<msg timestamp="20230911 13:42:17.266" level="INFO">Slept 3 seconds</msg>
<status status="PASS" starttime="20230911 13:42:14.265" endtime="20230911 13:42:17.266"/>
</kw>
<status status="PASS" starttime="20230911 13:42:13.261" endtime="20230911 13:42:17.266"/>
</kw>
<kw name="Clear the textt" library="UI_leftmenu_keywords">
<kw name="Set Selenium Implicit Wait" library="SeleniumLibrary">
<arg>8</arg>
<doc>Sets the implicit wait value used by Selenium.</doc>
<status status="PASS" starttime="20230911 13:42:17.268" endtime="20230911 13:42:18.275"/>
</kw>
<kw name="Click Element" library="SeleniumLibrary">
<arg>${Path_Timesheet_Selectdate}</arg>
<doc>Click the element identified by ``locator``.</doc>
<msg timestamp="20230911 13:42:18.277" level="INFO">Clicking element '//input[@placeholder="Select date"]'.</msg>
<status status="PASS" starttime="20230911 13:42:18.275" endtime="20230911 13:42:20.437"/>
</kw>
<kw name="Press Keys" library="SeleniumLibrary">
<arg>${Path_Timesheet_Selectdate}</arg>
<arg>CTRL+a</arg>
<doc>Simulates the user pressing key(s) to an element or on the active browser.</doc>
<msg timestamp="20230911 13:42:20.440" level="INFO">Sending key(s) ('CTRL+a',) to //input[@placeholder="Select date"] element.</msg>
<msg timestamp="20230911 13:42:22.777" level="INFO">Pressing special key CONTROL down.</msg>
<msg timestamp="20230911 13:42:22.778" level="INFO">Sending key a</msg>
<msg timestamp="20230911 13:42:22.779" level="INFO">Releasing special key CONTROL.</msg>
<status status="PASS" starttime="20230911 13:42:20.438" endtime="20230911 13:42:23.802"/>
</kw>
<kw name="Sleep" library="BuiltIn">
<arg>2</arg>
<doc>Pauses the test executed for the given time.</doc>
<msg timestamp="20230911 13:42:25.804" level="INFO">Slept 2 seconds</msg>
<status status="PASS" starttime="20230911 13:42:23.802" endtime="20230911 13:42:25.805"/>
</kw>
<kw name="Press Keys" library="SeleniumLibrary">
<arg>None</arg>
<arg>BACKSPACE</arg>
<doc>Simulates the user pressing key(s) to an element or on the active browser.</doc>
<msg timestamp="20230911 13:42:25.807" level="INFO">Sending key(s) ('BACKSPACE',) to page.</msg>
<msg timestamp="20230911 13:42:25.808" level="INFO">Pressing special key BACKSPACE to browser.</msg>
<msg timestamp="20230911 13:42:25.808" level="INFO">Releasing special key BACKSPACE.</msg>
<status status="PASS" starttime="20230911 13:42:25.806" endtime="20230911 13:42:26.851"/>
</kw>
<kw name="Sleep" library="BuiltIn">
<arg>5</arg>
<doc>Pauses the test executed for the given time.</doc>
<msg timestamp="20230911 13:42:31.852" level="INFO">Slept 5 seconds</msg>
<status status="PASS" starttime="20230911 13:42:26.851" endtime="20230911 13:42:31.853"/>
</kw>
<status status="PASS" starttime="20230911 13:42:17.267" endtime="20230911 13:42:31.854"/>
</kw>
<kw name="Enter the date" library="UI_leftmenu_keywords">
<arg>09/0${i}/2023</arg>
<kw name="Set Selenium Implicit Wait" library="SeleniumLibrary">
<arg>8</arg>
<doc>Sets the implicit wait value used by Selenium.</doc>
<status status="PASS" starttime="20230911 13:42:31.856" endtime="20230911 13:42:32.860"/>
</kw>
<kw name="Input Text" library="SeleniumLibrary">
<arg>${Path_Timesheet_Selectdate}</arg>
<arg>${date}</arg>
<doc>Types the given ``text`` into the text field identified by ``locator``.</doc>
<msg timestamp="20230911 13:42:32.861" level="INFO">Typing text '09/04/2023' into text field '//input[@placeholder="Select date"]'.</msg>
<status status="PASS" starttime="20230911 13:42:32.860" endtime="20230911 13:42:36.049"/>
</kw>
<kw name="Sleep" library="BuiltIn">
<arg>2</arg>
<doc>Pauses the test executed for the given time.</doc>
<msg timestamp="20230911 13:42:38.051" level="INFO">Slept 2 seconds</msg>
<status status="PASS" starttime="20230911 13:42:36.049" endtime="20230911 13:42:38.051"/>
</kw>
<kw name="Press Keys" library="SeleniumLibrary">
<arg>None</arg>
<arg>ENTER</arg>
<doc>Simulates the user pressing key(s) to an element or on the active browser.</doc>
<msg timestamp="20230911 13:42:38.056" level="INFO">Sending key(s) ('ENTER',) to page.</msg>
<msg timestamp="20230911 13:42:38.056" level="INFO">Pressing special key ENTER to browser.</msg>
<msg timestamp="20230911 13:42:38.056" level="INFO">Releasing special key ENTER.</msg>
<status status="PASS" starttime="20230911 13:42:38.053" endtime="20230911 13:42:39.100"/>
</kw>
<kw name="Sleep" library="BuiltIn">
<arg>2</arg>
<doc>Pauses the test executed for the given time.</doc>
<msg timestamp="20230911 13:42:41.101" level="INFO">Slept 2 seconds</msg>
<status status="PASS" starttime="20230911 13:42:39.101" endtime="20230911 13:42:41.102"/>
</kw>
<status status="PASS" starttime="20230911 13:42:31.855" endtime="20230911 13:42:41.102"/>
</kw>
<kw name="click the eddit icon" library="UI_leftmenu_keywords">
<kw name="Set Selenium Implicit Wait" library="SeleniumLibrary">
<arg>8</arg>
<doc>Sets the implicit wait value used by Selenium.</doc>
<status status="PASS" starttime="20230911 13:42:41.106" endtime="20230911 13:42:42.110"/>
</kw>
<kw name="Click Element" library="SeleniumLibrary">
<arg>${Path_Timesheet_EDITicon}</arg>
<doc>Click the element identified by ``locator``.</doc>
<msg timestamp="20230911 13:42:42.112" level="INFO">Clicking element '(//img[contains(@src,"/static/ic_edit.8cd75d9f.svg")] )'.</msg>
<status status="PASS" starttime="20230911 13:42:42.111" endtime="20230911 13:42:44.277"/>
</kw>
<kw name="Sleep" library="BuiltIn">
<arg>2</arg>
<doc>Pauses the test executed for the given time.</doc>
<msg timestamp="20230911 13:42:46.279" level="INFO">Slept 2 seconds</msg>
<status status="PASS" starttime="20230911 13:42:44.278" endtime="20230911 13:42:46.279"/>
</kw>
<status status="PASS" starttime="20230911 13:42:41.104" endtime="20230911 13:42:46.280"/>
</kw>
<kw name="Enter description of the task" library="UI_leftmenu_keywords">
<arg>edited the time sheet</arg>
<kw name="Set Selenium Implicit Wait" library="SeleniumLibrary">
<arg>8</arg>
<doc>Sets the implicit wait value used by Selenium.</doc>
<status status="PASS" starttime="20230911 13:42:46.281" endtime="20230911 13:42:47.288"/>
</kw>
<kw name="Input Text" library="SeleniumLibrary">
<arg>${Path_Timesheet_Description}</arg>
<arg>${Description}</arg>
<doc>Types the given ``text`` into the text field identified by ``locator``.</doc>
<msg timestamp="20230911 13:42:47.290" level="INFO">Typing text 'edited the time sheet' into text field '//textarea[contains(@id, "basic_tasks_0_notes") or contains(@placeholder, "Enter the description")]'.</msg>
<status status="PASS" starttime="20230911 13:42:47.289" endtime="20230911 13:42:50.569"/>
</kw>
<kw name="Sleep" library="BuiltIn">
<arg>4</arg>
<doc>Pauses the test executed for the given time.</doc>
<msg timestamp="20230911 13:42:54.572" level="INFO">Slept 4 seconds</msg>
<status status="PASS" starttime="20230911 13:42:50.570" endtime="20230911 13:42:54.572"/>
</kw>
<status status="PASS" starttime="20230911 13:42:46.280" endtime="20230911 13:42:54.572"/>
</kw>
<kw name="SUBMIT" library="UI_leftmenu_keywords">
<kw name="Set Selenium Implicit Wait" library="SeleniumLibrary">
<arg>8</arg>
<doc>Sets the implicit wait value used by Selenium.</doc>
<status status="PASS" starttime="20230911 13:42:54.575" endtime="20230911 13:42:55.578"/>
</kw>
<kw name="Click Element" library="SeleniumLibrary">
<arg>${Path_Timesheet_Submitbutton}</arg>
<doc>Click the element identified by ``locator``.</doc>
<msg timestamp="20230911 13:42:55.580" level="INFO">Clicking element '//button[@type="submit"]'.</msg>
<status status="PASS" starttime="20230911 13:42:55.579" endtime="20230911 13:42:57.729"/>
</kw>
<kw name="Sleep" library="BuiltIn">
<arg>8</arg>
<doc>Pauses the test executed for the given time.</doc>
<msg timestamp="20230911 13:43:05.731" level="INFO">Slept 8 seconds</msg>
<status status="PASS" starttime="20230911 13:42:57.730" endtime="20230911 13:43:05.733"/>
</kw>
<status status="PASS" starttime="20230911 13:42:54.574" endtime="20230911 13:43:05.733"/>
</kw>
<status status="PASS" starttime="20230911 13:42:13.261" endtime="20230911 13:43:05.734"/>
</iter>
<iter>
<var name="${i}">5</var>
<kw name="click the date" library="UI_leftmenu_keywords">
<kw name="Set Selenium Implicit Wait" library="SeleniumLibrary">
<arg>8</arg>
<doc>Sets the implicit wait value used by Selenium.</doc>
<status status="PASS" starttime="20230911 13:43:05.737" endtime="20230911 13:43:06.740"/>
</kw>
<kw name="Sleep" library="BuiltIn">
<arg>3</arg>
<doc>Pauses the test executed for the given time.</doc>
<msg timestamp="20230911 13:43:09.742" level="INFO">Slept 3 seconds</msg>
<status status="PASS" starttime="20230911 13:43:06.740" endtime="20230911 13:43:09.742"/>
</kw>
<status status="PASS" starttime="20230911 13:43:05.735" endtime="20230911 13:43:09.742"/>
</kw>
<kw name="Clear the textt" library="UI_leftmenu_keywords">
<kw name="Set Selenium Implicit Wait" library="SeleniumLibrary">
<arg>8</arg>
<doc>Sets the implicit wait value used by Selenium.</doc>
<status status="PASS" starttime="20230911 13:43:09.743" endtime="20230911 13:43:10.751"/>
</kw>
<kw name="Click Element" library="SeleniumLibrary">
<arg>${Path_Timesheet_Selectdate}</arg>
<doc>Click the element identified by ``locator``.</doc>
<msg timestamp="20230911 13:43:10.753" level="INFO">Clicking element '//input[@placeholder="Select date"]'.</msg>
<status status="PASS" starttime="20230911 13:43:10.751" endtime="20230911 13:43:12.872"/>
</kw>
<kw name="Press Keys" library="SeleniumLibrary">
<arg>${Path_Timesheet_Selectdate}</arg>
<arg>CTRL+a</arg>
<doc>Simulates the user pressing key(s) to an element or on the active browser.</doc>
[...]
</kw>
<status status="PASS" starttime="20230911 13:53:01.439" endtime="20230911 13:53:09.732"/>
</kw>
<kw name="SUBMIT" library="UI_leftmenu_keywords">
<kw name="Set Selenium Implicit Wait" library="SeleniumLibrary">
<arg>8</arg>
<doc>Sets the implicit wait value used by Selenium.</doc>
<status status="PASS" starttime="20230911 13:53:09.733" endtime="20230911 13:53:10.738"/>
</kw>
<kw name="Click Element" library="SeleniumLibrary">
<arg>${Path_Timesheet_Submitbutton}</arg>
<doc>Click the element identified by ``locator``.</doc>
<msg timestamp="20230911 13:53:10.740" level="INFO">Clicking element '//button[@type="submit"]'.</msg>
<status status="PASS" starttime="20230911 13:53:10.739" endtime="20230911 13:53:12.861"/>
</kw>
<kw name="Sleep" library="BuiltIn">
<arg>8</arg>
<doc>Pauses the test executed for the given time.</doc>
<msg timestamp="20230911 13:53:20.862" level="INFO">Slept 8 seconds</msg>
<status status="PASS" starttime="20230911 13:53:12.861" endtime="20230911 13:53:20.863"/>
</kw>
<status status="PASS" starttime="20230911 13:53:09.732" endtime="20230911 13:53:20.863"/>
</kw>
<status status="PASS" starttime="20230911 13:52:50.901" endtime="20230911 13:53:20.863"/>
</iter>
<iter>
<var name="${i}">5</var>
<kw name="Set Selenium Implicit Wait" library="SeleniumLibrary">
<arg>8</arg>
<doc>Sets the implicit wait value used by Selenium.</doc>
<status status="PASS" starttime="20230911 13:53:20.864" endtime="20230911 13:53:21.870"/>
</kw>
<kw name="Sleep" library="BuiltIn">
<arg>3</arg>
<doc>Pauses the test executed for the given time.</doc>
<msg timestamp="20230911 13:53:24.874" level="INFO">Slept 3 seconds</msg>
<status status="PASS" starttime="20230911 13:53:21.872" endtime="20230911 13:53:24.875"/>
</kw>
<kw name="Click Element" library="SeleniumLibrary">
<arg>(//span[@class="hourValue___vv8Tf"])[${i}]</arg>
<doc>Click the element identified by ``locator``.</doc>
<msg timestamp="20230911 13:53:24.876" level="INFO">Clicking element '(//span[@class="hourValue___vv8Tf"])[5]'.</msg>
<status status="PASS" starttime="20230911 13:53:24.875" endtime="20230911 13:53:26.960"/>
</kw>
<kw name="Mouse Over" library="SeleniumLibrary">
<arg>(//div[@class="ant-row ant-row-middle tableRow___2BpeN"])[${i}]</arg>
<doc>Simulates hovering the mouse over the element ``locator``.</doc>
<msg timestamp="20230911 13:53:26.961" level="INFO">Simulating Mouse Over on element '(//div[@class="ant-row ant-row-middle tableRow___2BpeN"])[5]'.</msg>
<status status="PASS" starttime="20230911 13:53:26.960" endtime="20230911 13:53:29.267"/>
</kw>
<kw name="Click Element" library="SeleniumLibrary">
<arg>(${Path_Timesheet_weeklyeditpress})[${i}]</arg>
<doc>Click the element identified by ``locator``.</doc>
<msg timestamp="20230911 13:53:29.269" level="INFO">Clicking element '(//div[contains(@class,"actionBtn___2Orw3")] //img[1])[5]'.</msg>
<status status="PASS" starttime="20230911 13:53:29.267" endtime="20230911 13:53:31.401"/>
</kw>
<kw name="Enter description of the task" library="UI_leftmenu_keywords">
<arg>edited the time sheet weekly</arg>
<kw name="Set Selenium Implicit Wait" library="SeleniumLibrary">
<arg>8</arg>
<doc>Sets the implicit wait value used by Selenium.</doc>
<status status="PASS" starttime="20230911 13:53:31.404" endtime="20230911 13:53:32.411"/>
</kw>
<kw name="Input Text" library="SeleniumLibrary">
<arg>${Path_Timesheet_Description}</arg>
<arg>${Description}</arg>
<doc>Types the given ``text`` into the text field identified by ``locator``.</doc>
<msg timestamp="20230911 13:53:32.417" level="INFO">Typing text 'edited the time sheet weekly' into text field '//textarea[contains(@id, "basic_tasks_0_notes") or contains(@placeholder, "Enter the description")]'.</msg>
<status status="PASS" starttime="20230911 13:53:32.412" endtime="20230911 13:53:35.721"/>
</kw>
<kw name="Sleep" library="BuiltIn">
<arg>4</arg>
<doc>Pauses the test executed for the given time.</doc>
<msg timestamp="20230911 13:53:39.725" level="INFO">Slept 4 seconds</msg>
<status status="PASS" starttime="20230911 13:53:35.723" endtime="20230911 13:53:39.726"/>
</kw>
<status status="PASS" starttime="20230911 13:53:31.402" endtime="20230911 13:53:39.727"/>
</kw>
<kw name="SUBMIT" library="UI_leftmenu_keywords">
<kw name="Set Selenium Implicit Wait" library="SeleniumLibrary">
<arg>8</arg>
<doc>Sets the implicit wait value used by Selenium.</doc>
<status status="PASS" starttime="20230911 13:53:39.727" endtime="20230911 13:53:40.731"/>
</kw>
<kw name="Click Element" library="SeleniumLibrary">
<arg>${Path_Timesheet_Submitbutton}</arg>
<doc>Click the element identified by ``locator``.</doc>
<msg timestamp="20230911 13:53:40.733" level="INFO">Clicking element '//button[@type="submit"]'.</msg>
<status status="PASS" starttime="20230911 13:53:40.731" endtime="20230911 13:53:42.836"/>
</kw>
<kw name="Sleep" library="BuiltIn">
<arg>8</arg>
<doc>Pauses the test executed for the given time.</doc>
<msg timestamp="20230911 13:53:50.837" level="INFO">Slept 8 seconds</msg>
<status status="PASS" starttime="20230911 13:53:42.837" endtime="20230911 13:53:50.837"/>
</kw>
<status status="PASS" starttime="20230911 13:53:39.727" endtime="20230911 13:53:50.839"/>
</kw>
<status status="PASS" starttime="20230911 13:53:20.863" endtime="20230911 13:53:50.839"/>
</iter>
<status status="PASS" starttime="20230911 13:51:20.892" endtime="20230911 13:53:50.840"/>
</for>
<status status="PASS" starttime="20230911 13:51:20.891" endtime="20230911 13:53:50.840"/>
</kw>
<status status="PASS" starttime="20230911 13:51:13.467" endtime="20230911 13:53:50.841"/>
</test>
<test id="s1-t8" name="HR_OS_TIMESHEET_DELETE_WEEKLY_FILL" line="78">
<kw name="Click on the Weekly timesheets" library="UI_leftmenu_keywords">
<kw name="Mouse Over" library="SeleniumLibrary">
<arg>//div[@class="tabNameTooltip___z-w-c"]</arg>
<doc>Simulates hovering the mouse over the element ``locator``.</doc>
<msg timestamp="20230911 13:53:50.846" level="INFO">Simulating Mouse Over on element '//div[@class="tabNameTooltip___z-w-c"]'.</msg>
<status status="PASS" starttime="20230911 13:53:50.844" endtime="20230911 13:53:53.165"/>
</kw>
<kw name="Click Element" library="SeleniumLibrary">
<arg>${Path_Timesheet_Weekly}</arg>
<doc>Click the element identified by ``locator``.</doc>
<msg timestamp="20230911 13:53:53.167" level="INFO">Clicking element '(//span[contains(text(),"Weekly")])[2]'.</msg>
<status status="PASS" starttime="20230911 13:53:53.165" endtime="20230911 13:53:55.264"/>
</kw>
<kw name="Sleep" library="BuiltIn">
<arg>3</arg>
<doc>Pauses the test executed for the given time.</doc>
<msg timestamp="20230911 13:53:58.267" level="INFO">Slept 3 seconds</msg>
<status status="PASS" starttime="20230911 13:53:55.266" endtime="20230911 13:53:58.268"/>
</kw>
<status status="PASS" starttime="20230911 13:53:50.843" endtime="20230911 13:53:58.268"/>
</kw>
<kw name="deleteweek" library="UI_leftmenu_keywords">
<for flavor="IN RANGE">
<var>${i}</var>
<value>1</value>
<value>6</value>
<iter>
<var name="${i}">1</var>
<kw name="Set Selenium Implicit Wait" library="SeleniumLibrary">
<arg>8</arg>
<doc>Sets the implicit wait value used by Selenium.</doc>
<status status="PASS" starttime="20230911 13:53:58.271" endtime="20230911 13:53:59.279"/>
</kw>
<kw name="Click Element" library="SeleniumLibrary">
<arg>(//span[@class="hourValue___vv8Tf"])[${i}]</arg>
<doc>Click the element identified by ``locator``.</doc>
<msg timestamp="20230911 13:53:59.281" level="INFO">Clicking element '(//span[@class="hourValue___vv8Tf"])[1]'.</msg>
<status status="PASS" starttime="20230911 13:53:59.279" endtime="20230911 13:54:01.381"/>
</kw>
<kw name="Mouse Over" library="SeleniumLibrary">
<arg>(//div[@class="ant-row ant-row-middle tableRow___2BpeN"])[1]</arg>
<doc>Simulates hovering the mouse over the element ``locator``.</doc>
<msg timestamp="20230911 13:54:01.383" level="INFO">Simulating Mouse Over on element '(//div[@class="ant-row ant-row-middle tableRow___2BpeN"])[1]'.</msg>
<status status="PASS" starttime="20230911 13:54:01.382" endtime="20230911 13:54:03.684"/>
</kw>
<kw name="Click Element" library="SeleniumLibrary">
<arg>(${Path_Timesheet_weeklydelpress} )[1]</arg>
<doc>Click the element identified by ``locator``.</doc>
<msg timestamp="20230911 13:54:03.687" level="INFO">Clicking element '(//div[contains(@class,"actionBtn___2Orw3")] //img[2] )[1]'.</msg>
<status status="PASS" starttime="20230911 13:54:03.685" endtime="20230911 13:54:05.784"/>
</kw>
<kw name="Sleep" library="BuiltIn">
<arg>3</arg>
<doc>Pauses the test executed for the given time.</doc>
<msg timestamp="20230911 13:54:08.788" level="INFO">Slept 3 seconds</msg>
<status status="PASS" starttime="20230911 13:54:05.785" endtime="20230911 13:54:08.788"/>
</kw>
<kw name="Click Element" library="SeleniumLibrary">
<arg>${Path_Timesheet_weeklydelok}</arg>
<doc>Click the element identified by ``locator``.</doc>
<msg timestamp="20230911 13:54:08.790" level="INFO">Clicking element '//div[contains(text(),"Ok")]'.</msg>
<status status="PASS" starttime="20230911 13:54:08.788" endtime="20230911 13:54:10.913"/>
</kw>
<kw name="Sleep" library="BuiltIn">
<arg>5</arg>
<doc>Pauses the test executed for the given time.</doc>
<msg timestamp="20230911 13:54:15.917" level="INFO">Slept 5 seconds</msg>
<status status="PASS" starttime="20230911 13:54:10.915" endtime="20230911 13:54:15.917"/>
</kw>
<status status="PASS" starttime="20230911 13:53:58.270" endtime="20230911 13:54:15.918"/>
</iter>
<iter>
<var name="${i}">2</var>
<kw name="Set Selenium Implicit Wait" library="SeleniumLibrary">
<arg>8</arg>
<doc>Sets the implicit wait value used by Selenium.</doc>
<status status="PASS" starttime="20230911 13:54:15.919" endtime="20230911 13:54:16.924"/>
</kw>
<kw name="Click Element" library="SeleniumLibrary">
<arg>(//span[@class="hourValue___vv8Tf"])[${i}]</arg>
<doc>Click the element identified by ``locator``.</doc>
<msg timestamp="20230911 13:54:16.926" level="INFO">Clicking element '(//span[@class="hourValue___vv8Tf"])[2]'.</msg>
<status status="PASS" starttime="20230911 13:54:16.924" endtime="20230911 13:54:19.027"/>
</kw>
<kw name="Mouse Over" library="SeleniumLibrary">
<arg>(//div[@class="ant-row ant-row-middle tableRow___2BpeN"])[1]</arg>
<doc>Simulates hovering the mouse over the element ``locator``.</doc>
<msg timestamp="20230911 13:54:19.028" level="INFO">Simulating Mouse Over on element '(//div[@class="ant-row ant-row-middle tableRow___2BpeN"])[1]'.</msg>
<status status="PASS" starttime="20230911 13:54:19.027" endtime="20230911 13:54:21.346"/>
</kw>
<kw name="Click Element" library="SeleniumLibrary">
<arg>(${Path_Timesheet_weeklydelpress} )[1]</arg>
<doc>Click the element identified by ``locator``.</doc>
<msg timestamp="20230911 13:54:21.349" level="INFO">Clicking element '(//div[contains(@class,"actionBtn___2Orw3")] //img[2] )[1]'.</msg>
<status status="PASS" starttime="20230911 13:54:21.346" endtime="20230911 13:54:23.441"/>
</kw>
<kw name="Sleep" library="BuiltIn">
<arg>3</arg>
<doc>Pauses the test executed for the given time.</doc>
<msg timestamp="20230911 13:54:26.443" level="INFO">Slept 3 seconds</msg>
<status status="PASS" starttime="20230911 13:54:23.441" endtime="20230911 13:54:26.443"/>
</kw>
<kw name="Click Element" library="SeleniumLibrary">
<arg>${Path_Timesheet_weeklydelok}</arg>
<doc>Click the element identified by ``locator``.</doc>
<msg timestamp="20230911 13:54:26.445" level="INFO">Clicking element '//div[contains(text(),"Ok")]'.</msg>
<status status="PASS" starttime="20230911 13:54:26.443" endtime="20230911 13:54:28.546"/>
</kw>
<kw name="Sleep" library="BuiltIn">
<arg>5</arg>
<doc>Pauses the test executed for the given time.</doc>
<msg timestamp="20230911 13:54:33.548" level="INFO">Slept 5 seconds</msg>
<status status="PASS" starttime="20230911 13:54:28.547" endtime="20230911 13:54:33.548"/>
</kw>
<status status="PASS" starttime="20230911 13:54:15.918" endtime="20230911 13:54:33.549"/>
</iter>
<iter>
<var name="${i}">3</var>
<kw name="Set Selenium Implicit Wait" library="SeleniumLibrary">
<arg>8</arg>
<doc>Sets the implicit wait value used by Selenium.</doc>
<status status="PASS" starttime="20230911 13:54:33.550" endtime="20230911 13:54:34.553"/>
</kw>
<kw name="Click Element" library="SeleniumLibrary">
<arg>(//span[@class="hourValue___vv8Tf"])[${i}]</arg>
<doc>Click the element identified by ``locator``.</doc>
<msg timestamp="20230911 13:54:34.557" level="INFO">Clicking element '(//span[@class="hourValue___vv8Tf"])[3]'.</msg>
<status status="PASS" starttime="20230911 13:54:34.554" endtime="20230911 13:54:36.646"/>
</kw>
<kw name="Mouse Over" library="SeleniumLibrary">
<arg>(//div[@class="ant-row ant-row-middle tableRow___2BpeN"])[1]</arg>
<doc>Simulates hovering the mouse over the element ``locator``.</doc>
<msg timestamp="20230911 13:54:36.648" level="INFO">Simulating Mouse Over on element '(//div[@class="ant-row ant-row-middle tableRow___2BpeN"])[1]'.</msg>
<status status="PASS" starttime="20230911 13:54:36.647" endtime="20230911 13:54:38.946"/>
</kw>
<kw name="Click Element" library="SeleniumLibrary">
<arg>(${Path_Timesheet_weeklydelpress} )[1]</arg>
<doc>Click the element identified by ``locator``.</doc>
<msg timestamp="20230911 13:54:38.947" level="INFO">Clicking element '(//div[contains(@class,"actionBtn___2Orw3")] //img[2] )[1]'.</msg>
<status status="PASS" starttime="20230911 13:54:38.946" endtime="20230911 13:54:41.035"/>
</kw>
<kw name="Sleep" library="BuiltIn">
<arg>3</arg>
<doc>Pauses the test executed for the given time.</doc>
<msg timestamp="20230911 13:54:44.037" level="INFO">Slept 3 seconds</msg>
<status status="PASS" starttime="20230911 13:54:41.036" endtime="20230911 13:54:44.038"/>
</kw>
<kw name="Click Element" library="SeleniumLibrary">
<arg>${Path_Timesheet_weeklydelok}</arg>
<doc>Click the element identified by ``locator``.</doc>
<msg timestamp="20230911 13:54:44.040" level="INFO">Clicking element '//div[contains(text(),"Ok")]'.</msg>
<status status="PASS" starttime="20230911 13:54:44.038" endtime="20230911 13:54:46.145"/>
</kw>
<kw name="Sleep" library="BuiltIn">
<arg>5</arg>
<doc>Pauses the test executed for the given time.</doc>
<msg timestamp="20230911 13:54:51.147" level="INFO">Slept 5 seconds</msg>
<status status="PASS" starttime="20230911 13:54:46.146" endtime="20230911 13:54:51.147"/>
</kw>
<status status="PASS" starttime="20230911 13:54:33.549" endtime="20230911 13:54:51.148"/>
</iter>
<iter>
<var name="${i}">4</var>
<kw name="Set Selenium Implicit Wait" library="SeleniumLibrary">
<arg>8</arg>
<doc>Sets the implicit wait value used by Selenium.</doc>
<status status="PASS" starttime="20230911 13:54:51.150" endtime="20230911 13:54:52.155"/>
</kw>
<kw name="Click Element" library="SeleniumLibrary">
<arg>(//span[@class="hourValue___vv8Tf"])[${i}]</arg>
<doc>Click the element identified by ``locator``.</doc>
<msg timestamp="20230911 13:54:52.158" level="INFO">Clicking element '(//span[@class="hourValue___vv8Tf"])[4]'.</msg>
<status status="PASS" starttime="20230911 13:54:52.156" endtime="20230911 13:54:54.247"/>
</kw>
<kw name="Mouse Over" library="SeleniumLibrary">
<arg>(//div[@class="ant-row ant-row-middle tableRow___2BpeN"])[1]</arg>
<doc>Simulates hovering the mouse over the element ``locator``.</doc>
<msg timestamp="20230911 13:54:54.250" level="INFO">Simulating Mouse Over on element '(//div[@class="ant-row ant-row-middle tableRow___2BpeN"])[1]'.</msg>
<status status="PASS" starttime="20230911 13:54:54.248" endtime="20230911 13:54:56.561"/>
</kw>
<kw name="Click Element" library="SeleniumLibrary">
<arg>(${Path_Timesheet_weeklydelpress} )[1]</arg>
<doc>Click the element identified by ``locator``.</doc>
<msg timestamp="20230911 13:54:56.563" level="INFO">Clicking element '(//div[contains(@class,"actionBtn___2Orw3")] //img[2] )[1]'.</msg>
<status status="PASS" starttime="20230911 13:54:56.561" endtime="20230911 13:54:58.652"/>
</kw>
<kw name="Sleep" library="BuiltIn">
<arg>3</arg>
<doc>Pauses the test executed for the given time.</doc>
<msg timestamp="20230911 13:55:01.654" level="INFO">Slept 3 seconds</msg>
<status status="PASS" starttime="20230911 13:54:58.653" endtime="20230911 13:55:01.655"/>
</kw>
<kw name="Click Element" library="SeleniumLibrary">
<arg>${Path_Timesheet_weeklydelok}</arg>
<doc>Click the element identified by ``locator``.</doc>
<msg timestamp="20230911 13:55:01.657" level="INFO">Clicking element '//div[contains(text(),"Ok")]'.</msg>
<status status="PASS" starttime="20230911 13:55:01.655" endtime="20230911 13:55:03.761"/>
</kw>
<kw name="Sleep" library="BuiltIn">
<arg>5</arg>
<doc>Pauses the test executed for the given time.</doc>
<msg timestamp="20230911 13:55:08.763" level="INFO">Slept 5 seconds</msg>
<status status="PASS" starttime="20230911 13:55:03.761" endtime="20230911 13:55:08.763"/>
</kw>
<status status="PASS" starttime="20230911 13:54:51.149" endtime="20230911 13:55:08.764"/>
</iter>
<iter>
<var name="${i}">5</var>
<kw name="Set Selenium Implicit Wait" library="SeleniumLibrary">
<arg>8</arg>
<doc>Sets the implicit wait value used by Selenium.</doc>
<status status="PASS" starttime="20230911 13:55:08.765" endtime="20230911 13:55:09.769"/>
</kw>
<kw name="Click Element" library="SeleniumLibrary">
<arg>(//span[@class="hourValue___vv8Tf"])[${i}]</arg>
<doc>Click the element identified by ``locator``.</doc>
<msg timestamp="20230911 13:55:09.772" level="INFO">Clicking element '(//span[@class="hourValue___vv8Tf"])[5]'.</msg>
<status status="PASS" starttime="20230911 13:55:09.770" endtime="20230911 13:55:11.866"/>
</kw>
<kw name="Mouse Over" library="SeleniumLibrary">
<arg>(//div[@class="ant-row ant-row-middle tableRow___2BpeN"])[1]</arg>
<doc>Simulates hovering the mouse over the element ``locator``.</doc>
<msg timestamp="20230911 13:55:11.868" level="INFO">Simulating Mouse Over on element '(//div[@class="ant-row ant-row-middle tableRow___2BpeN"])[1]'.</msg>
<status status="PASS" starttime="20230911 13:55:11.867" endtime="20230911 13:55:14.169"/>
</kw>
<kw name="Click Element" library="SeleniumLibrary">
<arg>(${Path_Timesheet_weeklydelpress} )[1]</arg>
<doc>Click the element identified by ``locator``.</doc>
<msg timestamp="20230911 13:55:14.170" level="INFO">Clicking element '(//div[contains(@class,"actionBtn___2Orw3")] //img[2] )[1]'.</msg>
<status status="PASS" starttime="20230911 13:55:14.169" endtime="20230911 13:55:16.278"/>
</kw>
<kw name="Sleep" library="BuiltIn">
<arg>3</arg>
<doc>Pauses the test executed for the given time.</doc>
<msg timestamp="20230911 13:55:19.280" level="INFO">Slept 3 seconds</msg>
<status status="PASS" starttime="20230911 13:55:16.278" endtime="20230911 13:55:19.280"/>
</kw>
<kw name="Click Element" library="SeleniumLibrary">
<arg>${Path_Timesheet_weeklydelok}</arg>
<doc>Click the element identified by ``locator``.</doc>
<msg timestamp="20230911 13:55:19.282" level="INFO">Clicking element '//div[contains(text(),"Ok")]'.</msg>
<status status="PASS" starttime="20230911 13:55:19.280" endtime="20230911 13:55:21.366"/>
</kw>
<kw name="Sleep" library="BuiltIn">
<arg>5</arg>
<doc>Pauses the test executed for the given time.</doc>
<msg timestamp="20230911 13:55:26.368" level="INFO">Slept 5 seconds</msg>
<status status="PASS" starttime="20230911 13:55:21.367" endtime="20230911 13:55:26.368"/>
</kw>
<status status="PASS" starttime="20230911 13:55:08.765" endtime="20230911 13:55:26.369"/>
</iter>
<status status="PASS" starttime="20230911 13:53:58.269" endtime="20230911 13:55:26.370"/>
</for>
<status status="PASS" starttime="20230911 13:53:58.269" endtime="20230911 13:55:26.371"/>
</kw>
<status status="PASS" starttime="20230911 13:53:50.842" endtime="20230911 13:55:26.372"/>
</test>
<status status="PASS" starttime="20230911 13:33:59.186" endtime="20230911 13:55:26.374"/>
</suite>
<statistics>
<total>
<stat pass="8" fail="0" skip="0">All Tests</stat>
</total>
<tag>
</tag>
<suite>
<stat pass="8" fail="0" skip="0" id="s1" name="HROS TIMESHEET DAILY BASIS TC1">HROS TIMESHEET DAILY BASIS TC1</stat>
</suite>
</statistics>
<errors>
</errors>
</robot>
